2025-11-18T00:36:33.761Z INFO  - 3.11_20251017.5.tuxprod Pulling from appsvc/python
2025-11-18T00:36:33.795Z INFO  -  Digest: sha256:92df52c98d35c066251e05baab9059c619b01135f04fc31ee577b55fefcb49ac
2025-11-18T00:36:33.795Z INFO  -  Status: Image is up to date for 10.1.0.5:13209/appsvc/python:3.11_20251017.5.tuxprod
2025-11-18T00:36:33.832Z INFO  - Pull Image successful, Time taken: 0 Seconds
2025-11-18T00:36:34.173Z INFO  - Starting container for site
2025-11-18T00:36:34.173Z INFO  - docker run -d --expose=8000 --name stockspace-api-01_0_83c7f238 -e WEBSITE_USE_DIAGNOSTIC_SERVER=false -e WEBSITE_SITE_NAME=stockspace-api-01 -e WEBSITE_AUTH_ENABLED=False -e WEBSITE_ROLE_INSTANCE_ID=0 -e WEBSITE_HOSTNAME=stockspace-api-01-hgf2e5hxemcwckef.japaneast-01.azurewebsites.net -e WEBSITE_INSTANCE_ID=761a092c6cbeec305dbcc6c6e744b006c4d173d9d935c8e17cb6b4c751c4957e appsvc/python:3.11_20251017.5.tuxprod REDACTED
2025-11-18T00:36:34.173Z INFO  - Logging is not enabled for this container.
Please use https://aka.ms/linux-diagnostics to enable logging to see container logs here.
2025-11-18T00:36:37.864Z INFO  - Initiating warmup request to container stockspace-api-01_0_83c7f238 for site stockspace-api-01
2025-11-18T00:36:55.088Z INFO  - Waiting for response to warmup request for container stockspace-api-01_0_83c7f238. Elapsed time = 17.2238723 sec
2025-11-18T00:37:03.839Z ERROR - Container stockspace-api-01_0_83c7f238 for site stockspace-api-01 has exited, failing site start
2025-11-18T00:37:03.868Z ERROR - Container stockspace-api-01_0_83c7f238 didn't respond to HTTP pings on port: 8000. Failing site start. See container logs for debugging.
2025-11-18T00:37:03.909Z INFO  - Stopping site stockspace-api-01 because it failed during startup.
2025-11-18T01:02:53.769Z INFO  - Pulling image: stockspaceregistry.azurecr.io/backend:latest
2025-11-18T01:02:54.553Z INFO  - latest Pulling from backend
2025-11-18T01:02:54.583Z INFO  - fb60efab8139 Pulling fs layer
2025-11-18T01:02:54.612Z INFO  - 1ee9c106547f Pulling fs layer
2025-11-18T01:02:54.613Z INFO  - f002d17b63fe Pulling fs layer
2025-11-18T01:02:54.682Z INFO  - 65868b001a40 Pulling fs layer
2025-11-18T01:02:54.683Z INFO  - 11479669f9d8 Pulling fs layer
2025-11-18T01:02:54.684Z INFO  - b52c615b95ba Pulling fs layer
2025-11-18T01:02:54.684Z INFO  - f393f23cd673 Pulling fs layer
2025-11-18T01:02:54.684Z INFO  - f2cf97cf6cc2 Pulling fs layer
2025-11-18T01:02:54.692Z INFO  - 30267c943e5c Pulling fs layer
2025-11-18T01:02:55.235Z INFO  - f393f23cd673 Downloading 315B / 315B
2025-11-18T01:02:55.235Z INFO  - f393f23cd673 Verifying Checksum
2025-11-18T01:02:55.236Z INFO  - f393f23cd673 Download complete
2025-11-18T01:02:55.295Z INFO  - 30267c943e5c Downloading 3KB / 103KB
2025-11-18T01:02:55.365Z INFO  - 65868b001a40 Downloading 248B / 248B
2025-11-18T01:02:55.366Z INFO  - 65868b001a40 Verifying Checksum
2025-11-18T01:02:55.366Z INFO  - 65868b001a40 Download complete
2025-11-18T01:02:55.396Z INFO  - f2cf97cf6cc2 Downloading 527KB / 84MB
2025-11-18T01:02:55.476Z INFO  - 30267c943e5c Downloading 103KB / 103KB
2025-11-18T01:02:55.478Z INFO  - 30267c943e5c Verifying Checksum
2025-11-18T01:02:55.478Z INFO  - 30267c943e5c Download complete
2025-11-18T01:02:55.708Z INFO  - b52c615b95ba Downloading 527KB / 85MB
2025-11-18T01:02:55.726Z INFO  - f002d17b63fe Downloading 1MB / 13MB
2025-11-18T01:02:55.930Z INFO  - 1ee9c106547f Downloading 111KB / 1MB
2025-11-18T01:02:56.107Z INFO  - 11479669f9d8 Download complete
2025-11-18T01:02:56.143Z INFO  - fb60efab8139 Downloading 1MB / 29MB
2025-11-18T01:02:56.306Z INFO  - 1ee9c106547f Downloading 591KB / 1MB
2025-11-18T01:02:56.315Z INFO  - f2cf97cf6cc2 Downloading 2MB / 84MB
2025-11-18T01:02:56.681Z INFO  - 1ee9c106547f Downloading 1MB / 1MB
2025-11-18T01:02:56.682Z INFO  - 1ee9c106547f Downloading 1MB / 1MB
2025-11-18T01:02:56.683Z INFO  - 1ee9c106547f Verifying Checksum
2025-11-18T01:02:56.691Z INFO  - 1ee9c106547f Download complete
2025-11-18T01:02:56.813Z INFO  - fb60efab8139 Downloading 1MB / 29MB
2025-11-18T01:02:56.839Z INFO  - f002d17b63fe Downloading 3MB / 13MB
2025-11-18T01:02:56.849Z INFO  - b52c615b95ba Downloading 2MB / 85MB
2025-11-18T01:02:56.849Z INFO  - f2cf97cf6cc2 Downloading 3MB / 84MB
2025-11-18T01:02:56.849Z INFO  - fb60efab8139 Downloading 2MB / 29MB
2025-11-18T01:02:56.928Z INFO  - f2cf97cf6cc2 Downloading 4MB / 84MB
2025-11-18T01:02:57.097Z INFO  - f2cf97cf6cc2 Downloading 5MB / 84MB
2025-11-18T01:02:57.167Z INFO  - f002d17b63fe Downloading 4MB / 13MB
2025-11-18T01:02:57.257Z INFO  - b52c615b95ba Downloading 3MB / 85MB
2025-11-18T01:02:57.257Z INFO  - f002d17b63fe Downloading 5MB / 13MB
2025-11-18T01:02:57.257Z INFO  - fb60efab8139 Downloading 3MB / 29MB
2025-11-18T01:02:57.355Z INFO  - b52c615b95ba Downloading 4MB / 85MB
2025-11-18T01:02:57.637Z INFO  - fb60efab8139 Downloading 4MB / 29MB
2025-11-18T01:02:57.807Z INFO  - f002d17b63fe Downloading 7MB / 13MB
2025-11-18T01:02:57.807Z INFO  - fb60efab8139 Downloading 5MB / 29MB
2025-11-18T01:02:57.910Z INFO  - b52c615b95ba Downloading 5MB / 85MB
2025-11-18T01:02:57.967Z INFO  - f2cf97cf6cc2 Downloading 7MB / 84MB
2025-11-18T01:02:58.078Z INFO  - b52c615b95ba Downloading 5MB / 85MB
2025-11-18T01:02:58.078Z INFO  - f002d17b63fe Downloading 8MB / 13MB
2025-11-18T01:02:58.078Z INFO  - fb60efab8139 Downloading 7MB / 29MB
2025-11-18T01:02:58.200Z INFO  - f2cf97cf6cc2 Downloading 8MB / 84MB
2025-11-18T01:02:58.200Z INFO  - fb60efab8139 Downloading 7MB / 29MB
2025-11-18T01:02:58.349Z INFO  - f2cf97cf6cc2 Downloading 9MB / 84MB
2025-11-18T01:02:58.460Z INFO  - f002d17b63fe Downloading 9MB / 13MB
2025-11-18T01:02:58.460Z INFO  - fb60efab8139 Downloading 8MB / 29MB
2025-11-18T01:02:58.582Z INFO  - f2cf97cf6cc2 Downloading 10MB / 84MB
2025-11-18T01:02:58.711Z INFO  - f002d17b63fe Downloading 10MB / 13MB
2025-11-18T01:02:58.711Z INFO  - f2cf97cf6cc2 Downloading 10MB / 84MB
2025-11-18T01:02:59.005Z INFO  - fb60efab8139 Downloading 8MB / 29MB
2025-11-18T01:02:59.005Z INFO  - b52c615b95ba Downloading 7MB / 85MB
2025-11-18T01:02:59.244Z INFO  - f002d17b63fe Downloading 11MB / 13MB
2025-11-18T01:02:59.244Z INFO  - f2cf97cf6cc2 Downloading 12MB / 84MB
2025-11-18T01:02:59.244Z INFO  - fb60efab8139 Downloading 9MB / 29MB
2025-11-18T01:02:59.335Z INFO  - f002d17b63fe Downloading 12MB / 13MB
2025-11-18T01:02:59.384Z INFO  - b52c615b95ba Downloading 8MB / 85MB
2025-11-18T01:02:59.678Z INFO  - f2cf97cf6cc2 Downloading 13MB / 84MB
2025-11-18T01:02:59.710Z INFO  - b52c615b95ba Downloading 9MB / 85MB
2025-11-18T01:02:59.821Z INFO  - fb60efab8139 Downloading 11MB / 29MB
2025-11-18T01:02:59.889Z INFO  - f002d17b63fe Downloading 13MB / 13MB
2025-11-18T01:02:59.889Z INFO  - f2cf97cf6cc2 Downloading 14MB / 84MB
2025-11-18T01:03:00.086Z INFO  - f2cf97cf6cc2 Downloading 15MB / 84MB
2025-11-18T01:03:00.095Z INFO  - f002d17b63fe Verifying Checksum
2025-11-18T01:03:00.095Z INFO  - f002d17b63fe Download complete
2025-11-18T01:03:00.156Z INFO  - b52c615b95ba Downloading 10MB / 85MB
2025-11-18T01:03:00.185Z INFO  - fb60efab8139 Downloading 13MB / 29MB
2025-11-18T01:03:00.256Z INFO  - f2cf97cf6cc2 Downloading 15MB / 84MB
2025-11-18T01:03:00.387Z INFO  - b52c615b95ba Downloading 10MB / 85MB
2025-11-18T01:03:00.458Z INFO  - f2cf97cf6cc2 Downloading 17MB / 84MB
2025-11-18T01:03:00.899Z INFO  - b52c615b95ba Downloading 13MB / 85MB
2025-11-18T01:03:01.048Z INFO  - b52c615b95ba Downloading 14MB / 85MB
2025-11-18T01:03:01.136Z INFO  - f2cf97cf6cc2 Downloading 19MB / 84MB
2025-11-18T01:03:01.329Z INFO  - b52c615b95ba Downloading 15MB / 85MB
2025-11-18T01:03:01.329Z INFO  - fb60efab8139 Downloading 16MB / 29MB
2025-11-18T01:03:01.427Z INFO  - fb60efab8139 Downloading 17MB / 29MB
2025-11-18T01:03:01.758Z INFO  - f2cf97cf6cc2 Downloading 21MB / 84MB
2025-11-18T01:03:02.015Z INFO  - f2cf97cf6cc2 Downloading 22MB / 84MB
2025-11-18T01:03:02.112Z INFO  - f2cf97cf6cc2 Downloading 22MB / 84MB
2025-11-18T01:03:02.113Z INFO  - fb60efab8139 Downloading 20MB / 29MB
2025-11-18T01:03:02.200Z INFO  - b52c615b95ba Downloading 19MB / 85MB
2025-11-18T01:03:02.491Z INFO  - fb60efab8139 Downloading 21MB / 29MB
2025-11-18T01:03:02.491Z INFO  - b52c615b95ba Downloading 20MB / 85MB
2025-11-18T01:03:02.491Z INFO  - f2cf97cf6cc2 Downloading 24MB / 84MB
2025-11-18T01:03:02.572Z INFO  - b52c615b95ba Downloading 21MB / 85MB
2025-11-18T01:03:02.572Z INFO  - fb60efab8139 Downloading 21MB / 29MB
2025-11-18T01:03:02.674Z INFO  - f2cf97cf6cc2 Downloading 25MB / 84MB
2025-11-18T01:03:02.761Z INFO  - f2cf97cf6cc2 Downloading 26MB / 84MB
2025-11-18T01:03:02.891Z INFO  - fb60efab8139 Downloading 23MB / 29MB
2025-11-18T01:03:02.972Z INFO  - f2cf97cf6cc2 Downloading 27MB / 84MB
2025-11-18T01:03:03.191Z INFO  - b52c615b95ba Downloading 25MB / 85MB
2025-11-18T01:03:03.191Z INFO  - fb60efab8139 Downloading 26MB / 29MB
2025-11-18T01:03:03.379Z INFO  - f2cf97cf6cc2 Downloading 29MB / 84MB
2025-11-18T01:03:03.478Z INFO  - b52c615b95ba Downloading 27MB / 85MB
2025-11-18T01:03:03.558Z INFO  - fb60efab8139 Verifying Checksum
2025-11-18T01:03:03.558Z INFO  - fb60efab8139 Download complete
2025-11-18T01:03:03.870Z INFO  - b52c615b95ba Downloading 32MB / 85MB
2025-11-18T01:03:03.870Z INFO  - f2cf97cf6cc2 Downloading 34MB / 84MB
2025-11-18T01:03:04.491Z INFO  - b52c615b95ba Downloading 34MB / 85MB
2025-11-18T01:03:04.861Z INFO  - b52c615b95ba Downloading 36MB / 85MB
2025-11-18T01:03:04.861Z INFO  - fb60efab8139 Extracting 1MB / 29MB
2025-11-18T01:03:04.943Z INFO  - f2cf97cf6cc2 Downloading 37MB / 84MB
2025-11-18T01:03:05.141Z INFO  - fb60efab8139 Extracting 1MB / 29MB
2025-11-18T01:03:05.182Z INFO  - f2cf97cf6cc2 Downloading 38MB / 84MB
2025-11-18T01:03:05.254Z INFO  - b52c615b95ba Downloading 37MB / 85MB
2025-11-18T01:03:05.353Z INFO  - f2cf97cf6cc2 Downloading 39MB / 84MB
2025-11-18T01:03:05.575Z INFO  - b52c615b95ba Downloading 39MB / 85MB
2025-11-18T01:03:05.576Z INFO  - fb60efab8139 Extracting 2MB / 29MB
2025-11-18T01:03:05.735Z INFO  - b52c615b95ba Downloading 39MB / 85MB
2025-11-18T01:03:05.735Z INFO  - fb60efab8139 Extracting 3MB / 29MB
2025-11-18T01:03:05.844Z INFO  - f2cf97cf6cc2 Downloading 41MB / 84MB
2025-11-18T01:03:06.334Z INFO  - fb60efab8139 Extracting 3MB / 29MB
2025-11-18T01:03:06.423Z INFO  - f2cf97cf6cc2 Downloading 43MB / 84MB
2025-11-18T01:03:06.496Z INFO  - b52c615b95ba Downloading 42MB / 85MB
2025-11-18T01:03:06.566Z INFO  - f2cf97cf6cc2 Downloading 44MB / 84MB
2025-11-18T01:03:06.655Z INFO  - fb60efab8139 Extracting 5MB / 29MB
2025-11-18T01:03:06.855Z INFO  - f2cf97cf6cc2 Downloading 46MB / 84MB
2025-11-18T01:03:06.916Z INFO  - b52c615b95ba Downloading 46MB / 85MB
2025-11-18T01:03:07.489Z INFO  - f2cf97cf6cc2 Downloading 47MB / 84MB
2025-11-18T01:03:07.500Z INFO  - b52c615b95ba Downloading 47MB / 85MB
2025-11-18T01:03:07.500Z INFO  - fb60efab8139 Extracting 8MB / 29MB
2025-11-18T01:03:07.808Z INFO  - b52c615b95ba Downloading 48MB / 85MB
2025-11-18T01:03:08.232Z INFO  - f2cf97cf6cc2 Downloading 49MB / 84MB
2025-11-18T01:03:08.232Z INFO  - fb60efab8139 Extracting 12MB / 29MB
2025-11-18T01:03:08.233Z INFO  - fb60efab8139 Extracting 13MB / 29MB
2025-11-18T01:03:08.351Z INFO  - f2cf97cf6cc2 Downloading 50MB / 84MB
2025-11-18T01:03:08.353Z INFO  - fb60efab8139 Extracting 13MB / 29MB
2025-11-18T01:03:08.575Z INFO  - b52c615b95ba Downloading 50MB / 85MB
2025-11-18T01:03:08.696Z INFO  - b52c615b95ba Downloading 51MB / 85MB
2025-11-18T01:03:08.796Z INFO  - fb60efab8139 Extracting 14MB / 29MB
2025-11-18T01:03:08.804Z INFO  - fb60efab8139 Extracting 15MB / 29MB
2025-11-18T01:03:08.824Z INFO  - f2cf97cf6cc2 Downloading 51MB / 84MB
2025-11-18T01:03:08.877Z INFO  - fb60efab8139 Extracting 15MB / 29MB
2025-11-18T01:03:08.957Z INFO  - b52c615b95ba Downloading 51MB / 85MB
2025-11-18T01:03:08.994Z INFO  - fb60efab8139 Extracting 16MB / 29MB
2025-11-18T01:03:09.057Z INFO  - f2cf97cf6cc2 Downloading 51MB / 84MB
2025-11-18T01:03:09.207Z INFO  - fb60efab8139 Extracting 18MB / 29MB
2025-11-18T01:03:09.237Z INFO  - b52c615b95ba Downloading 53MB / 85MB
2025-11-18T01:03:09.358Z INFO  - fb60efab8139 Extracting 19MB / 29MB
2025-11-18T01:03:09.510Z INFO  - fb60efab8139 Extracting 20MB / 29MB
2025-11-18T01:03:09.610Z INFO  - fb60efab8139 Extracting 21MB / 29MB
2025-11-18T01:03:09.902Z INFO  - b52c615b95ba Downloading 54MB / 85MB
2025-11-18T01:03:10.363Z INFO  - f2cf97cf6cc2 Downloading 55MB / 84MB
2025-11-18T01:03:10.564Z INFO  - b52c615b95ba Downloading 59MB / 85MB
2025-11-18T01:03:10.677Z INFO  - b52c615b95ba Downloading 60MB / 85MB
2025-11-18T01:03:11.179Z INFO  - f2cf97cf6cc2 Downloading 59MB / 84MB
2025-11-18T01:03:11.362Z INFO  - f2cf97cf6cc2 Downloading 61MB / 84MB
2025-11-18T01:03:11.362Z INFO  - b52c615b95ba Downloading 63MB / 85MB
2025-11-18T01:03:11.675Z INFO  - f2cf97cf6cc2 Downloading 62MB / 84MB
2025-11-18T01:03:11.696Z INFO  - b52c615b95ba Downloading 64MB / 85MB
2025-11-18T01:03:11.905Z INFO  - fb60efab8139 Extracting 25MB / 29MB
2025-11-18T01:03:12.094Z INFO  - b52c615b95ba Downloading 66MB / 85MB
2025-11-18T01:03:12.155Z INFO  - fb60efab8139 Extracting 26MB / 29MB
2025-11-18T01:03:12.403Z INFO  - fb60efab8139 Extracting 27MB / 29MB
2025-11-18T01:03:12.404Z INFO  - f2cf97cf6cc2 Downloading 64MB / 84MB
2025-11-18T01:03:12.964Z INFO  - b52c615b95ba Downloading 68MB / 85MB
2025-11-18T01:03:13.017Z INFO  - fb60efab8139 Extracting 27MB / 29MB
2025-11-18T01:03:13.025Z INFO  - b52c615b95ba Downloading 68MB / 85MB
2025-11-18T01:03:13.035Z INFO  - f2cf97cf6cc2 Downloading 66MB / 84MB
2025-11-18T01:03:13.266Z INFO  - b52c615b95ba Downloading 70MB / 85MB
2025-11-18T01:03:13.398Z INFO  - f2cf97cf6cc2 Downloading 68MB / 84MB
2025-11-18T01:03:13.537Z INFO  - b52c615b95ba Downloading 72MB / 85MB
2025-11-18T01:03:13.588Z INFO  - f2cf97cf6cc2 Downloading 70MB / 84MB
2025-11-18T01:03:13.739Z INFO  - b52c615b95ba Downloading 73MB / 85MB
2025-11-18T01:03:13.969Z INFO  - f2cf97cf6cc2 Downloading 71MB / 84MB
2025-11-18T01:03:13.999Z INFO  - b52c615b95ba Downloading 75MB / 85MB
2025-11-18T01:03:14.450Z INFO  - f2cf97cf6cc2 Downloading 73MB / 84MB
2025-11-18T01:03:14.711Z INFO  - b52c615b95ba Downloading 76MB / 85MB
2025-11-18T01:03:14.772Z INFO  - b52c615b95ba Downloading 77MB / 85MB
2025-11-18T01:03:14.912Z INFO  - fb60efab8139 Extracting 28MB / 29MB
2025-11-18T01:03:15.023Z INFO  - b52c615b95ba Downloading 80MB / 85MB
2025-11-18T01:03:15.063Z INFO  - f2cf97cf6cc2 Downloading 78MB / 84MB
2025-11-18T01:03:15.342Z INFO  - f2cf97cf6cc2 Downloading 80MB / 84MB
2025-11-18T01:03:15.493Z INFO  - b52c615b95ba Verifying Checksum
2025-11-18T01:03:15.494Z INFO  - b52c615b95ba Download complete
2025-11-18T01:03:15.619Z INFO  - f2cf97cf6cc2 Verifying Checksum
2025-11-18T01:03:15.619Z INFO  - f2cf97cf6cc2 Download complete
2025-11-18T01:03:15.635Z INFO  - fb60efab8139 Pull complete
2025-11-18T01:03:15.665Z INFO  - 1ee9c106547f Extracting 32KB / 1MB
2025-11-18T01:03:16.017Z INFO  - 1ee9c106547f Extracting 992KB / 1MB
2025-11-18T01:03:16.068Z INFO  - 1ee9c106547f Extracting 1MB / 1MB
2025-11-18T01:03:16.139Z INFO  - 1ee9c106547f Pull complete
2025-11-18T01:03:16.902Z INFO  - f002d17b63fe Extracting 640KB / 13MB
2025-11-18T01:03:16.902Z INFO  - f002d17b63fe Extracting 1MB / 13MB
2025-11-18T01:03:16.902Z INFO  - f002d17b63fe Extracting 2MB / 13MB
2025-11-18T01:03:18.031Z INFO  - f002d17b63fe Extracting 8MB / 13MB
2025-11-18T01:03:18.089Z INFO  - f002d17b63fe Extracting 9MB / 13MB
2025-11-18T01:03:18.658Z INFO  - f002d17b63fe Extracting 10MB / 13MB
2025-11-18T01:03:19.277Z INFO  - f002d17b63fe Extracting 12MB / 13MB
2025-11-18T01:03:19.449Z INFO  - f002d17b63fe Extracting 12MB / 13MB
2025-11-18T01:03:19.718Z INFO  - f002d17b63fe Extracting 13MB / 13MB
2025-11-18T01:03:19.746Z INFO  - f002d17b63fe Extracting 13MB / 13MB
2025-11-18T01:03:19.888Z INFO  - f002d17b63fe Pull complete
2025-11-18T01:03:19.896Z INFO  - 65868b001a40 Extracting 248B / 248B
2025-11-18T01:03:19.918Z INFO  - 65868b001a40 Extracting 248B / 248B
2025-11-18T01:03:19.978Z INFO  - 65868b001a40 Pull complete
2025-11-18T01:03:19.987Z INFO  - 11479669f9d8 Extracting 93B / 93B
2025-11-18T01:03:20.008Z INFO  - 11479669f9d8 Extracting 93B / 93B
2025-11-18T01:03:20.088Z INFO  - 11479669f9d8 Pull complete
2025-11-18T01:03:20.360Z INFO  - b52c615b95ba Extracting 544KB / 85MB
2025-11-18T01:03:20.860Z INFO  - b52c615b95ba Extracting 3MB / 85MB
2025-11-18T01:03:21.173Z INFO  - b52c615b95ba Extracting 6MB / 85MB
2025-11-18T01:03:21.451Z INFO  - b52c615b95ba Extracting 9MB / 85MB
2025-11-18T01:03:22.541Z INFO  - b52c615b95ba Extracting 15MB / 85MB
2025-11-18T01:03:25.243Z INFO  - b52c615b95ba Extracting 23MB / 85MB
2025-11-18T01:03:25.715Z INFO  - b52c615b95ba Extracting 24MB / 85MB
2025-11-18T01:03:26.095Z INFO  - b52c615b95ba Extracting 26MB / 85MB
2025-11-18T01:03:27.341Z INFO  - b52c615b95ba Extracting 32MB / 85MB
2025-11-18T01:03:27.574Z INFO  - b52c615b95ba Extracting 34MB / 85MB
2025-11-18T01:03:28.025Z INFO  - b52c615b95ba Extracting 39MB / 85MB
2025-11-18T01:03:28.424Z INFO  - b52c615b95ba Extracting 41MB / 85MB
2025-11-18T01:03:29.443Z INFO  - b52c615b95ba Extracting 46MB / 85MB
2025-11-18T01:03:29.795Z INFO  - b52c615b95ba Extracting 47MB / 85MB
2025-11-18T01:03:29.986Z INFO  - b52c615b95ba Extracting 48MB / 85MB
2025-11-18T01:03:30.377Z INFO  - b52c615b95ba Extracting 49MB / 85MB
2025-11-18T01:03:31.163Z INFO  - b52c615b95ba Extracting 55MB / 85MB
2025-11-18T01:03:32.136Z INFO  - b52c615b95ba Extracting 63MB / 85MB
2025-11-18T01:03:32.276Z INFO  - b52c615b95ba Extracting 64MB / 85MB
2025-11-18T01:03:33.832Z INFO  - b52c615b95ba Extracting 73MB / 85MB
2025-11-18T01:03:33.873Z INFO  - b52c615b95ba Extracting 75MB / 85MB
2025-11-18T01:03:34.717Z INFO  - b52c615b95ba Extracting 80MB / 85MB
2025-11-18T01:03:34.998Z INFO  - b52c615b95ba Extracting 80MB / 85MB
2025-11-18T01:03:35.952Z INFO  - b52c615b95ba Extracting 82MB / 85MB
2025-11-18T01:03:36.014Z INFO  - b52c615b95ba Extracting 83MB / 85MB
2025-11-18T01:03:36.475Z INFO  - b52c615b95ba Extracting 83MB / 85MB
2025-11-18T01:03:36.935Z INFO  - b52c615b95ba Extracting 85MB / 85MB
2025-11-18T01:03:37.128Z INFO  - b52c615b95ba Pull complete
2025-11-18T01:03:37.136Z INFO  - f393f23cd673 Extracting 315B / 315B
2025-11-18T01:03:37.178Z INFO  - f393f23cd673 Extracting 315B / 315B
2025-11-18T01:03:37.228Z INFO  - f393f23cd673 Pull complete
2025-11-18T01:03:37.318Z INFO  - f2cf97cf6cc2 Extracting 544KB / 84MB
2025-11-18T01:03:37.537Z INFO  - f2cf97cf6cc2 Extracting 2MB / 84MB
2025-11-18T01:03:38.376Z INFO  - f2cf97cf6cc2 Extracting 5MB / 84MB
2025-11-18T01:03:38.507Z INFO  - f2cf97cf6cc2 Extracting 5MB / 84MB
2025-11-18T01:03:38.618Z INFO  - f2cf97cf6cc2 Extracting 6MB / 84MB
2025-11-18T01:03:38.888Z INFO  - f2cf97cf6cc2 Extracting 9MB / 84MB
2025-11-18T01:03:39.290Z INFO  - f2cf97cf6cc2 Extracting 10MB / 84MB
2025-11-18T01:03:39.912Z INFO  - f2cf97cf6cc2 Extracting 12MB / 84MB
2025-11-18T01:03:40.401Z INFO  - f2cf97cf6cc2 Extracting 13MB / 84MB
2025-11-18T01:03:40.668Z INFO  - f2cf97cf6cc2 Extracting 15MB / 84MB
2025-11-18T01:03:40.886Z INFO  - f2cf97cf6cc2 Extracting 17MB / 84MB
2025-11-18T01:03:41.198Z INFO  - f2cf97cf6cc2 Extracting 19MB / 84MB
2025-11-18T01:03:41.726Z INFO  - f2cf97cf6cc2 Extracting 22MB / 84MB
2025-11-18T01:03:42.106Z INFO  - f2cf97cf6cc2 Extracting 23MB / 84MB
2025-11-18T01:03:42.660Z INFO  - f2cf97cf6cc2 Extracting 25MB / 84MB
2025-11-18T01:03:42.889Z INFO  - f2cf97cf6cc2 Extracting 26MB / 84MB
2025-11-18T01:03:43.485Z INFO  - f2cf97cf6cc2 Extracting 27MB / 84MB
2025-11-18T01:03:43.865Z INFO  - f2cf97cf6cc2 Extracting 29MB / 84MB
2025-11-18T01:03:44.367Z INFO  - f2cf97cf6cc2 Extracting 30MB / 84MB
2025-11-18T01:03:44.670Z INFO  - f2cf97cf6cc2 Extracting 32MB / 84MB
2025-11-18T01:03:45.007Z INFO  - f2cf97cf6cc2 Extracting 34MB / 84MB
2025-11-18T01:03:45.349Z INFO  - f2cf97cf6cc2 Extracting 37MB / 84MB
2025-11-18T01:03:45.749Z INFO  - f2cf97cf6cc2 Extracting 39MB / 84MB
2025-11-18T01:03:45.831Z INFO  - f2cf97cf6cc2 Extracting 39MB / 84MB
2025-11-18T01:03:46.494Z INFO  - f2cf97cf6cc2 Extracting 42MB / 84MB
2025-11-18T01:03:46.767Z INFO  - f2cf97cf6cc2 Extracting 44MB / 84MB
2025-11-18T01:03:47.326Z INFO  - f2cf97cf6cc2 Extracting 47MB / 84MB
2025-11-18T01:03:47.327Z INFO  - f2cf97cf6cc2 Extracting 48MB / 84MB
2025-11-18T01:03:48.006Z INFO  - f2cf97cf6cc2 Extracting 49MB / 84MB
2025-11-18T01:03:48.270Z INFO  - f2cf97cf6cc2 Extracting 51MB / 84MB
2025-11-18T01:03:48.277Z INFO  - f2cf97cf6cc2 Extracting 51MB / 84MB
2025-11-18T01:03:49.070Z INFO  - f2cf97cf6cc2 Extracting 53MB / 84MB
2025-11-18T01:03:49.473Z INFO  - f2cf97cf6cc2 Extracting 54MB / 84MB
2025-11-18T01:03:50.346Z INFO  - f2cf97cf6cc2 Extracting 56MB / 84MB
2025-11-18T01:03:50.817Z INFO  - f2cf97cf6cc2 Extracting 58MB / 84MB
2025-11-18T01:03:51.337Z INFO  - f2cf97cf6cc2 Extracting 59MB / 84MB
2025-11-18T01:03:51.519Z INFO  - f2cf97cf6cc2 Extracting 60MB / 84MB
2025-11-18T01:03:52.169Z INFO  - f2cf97cf6cc2 Extracting 61MB / 84MB
2025-11-18T01:03:52.339Z INFO  - f2cf97cf6cc2 Extracting 63MB / 84MB
2025-11-18T01:03:53.070Z INFO  - f2cf97cf6cc2 Extracting 65MB / 84MB
2025-11-18T01:03:53.651Z INFO  - f2cf97cf6cc2 Extracting 68MB / 84MB
2025-11-18T01:03:56.061Z INFO  - f2cf97cf6cc2 Extracting 73MB / 84MB
2025-11-18T01:03:56.576Z INFO  - f2cf97cf6cc2 Extracting 75MB / 84MB
2025-11-18T01:03:57.900Z INFO  - f2cf97cf6cc2 Extracting 78MB / 84MB
2025-11-18T01:03:58.424Z INFO  - f2cf97cf6cc2 Extracting 80MB / 84MB
2025-11-18T01:03:59.658Z INFO  - f2cf97cf6cc2 Extracting 81MB / 84MB
2025-11-18T01:03:59.658Z INFO  - f2cf97cf6cc2 Extracting 83MB / 84MB
2025-11-18T01:03:59.830Z INFO  - f2cf97cf6cc2 Extracting 84MB / 84MB
2025-11-18T01:04:00.100Z INFO  - f2cf97cf6cc2 Pull complete
2025-11-18T01:04:00.110Z INFO  - 30267c943e5c Extracting 32KB / 103KB
2025-11-18T01:04:00.250Z INFO  - 30267c943e5c Extracting 103KB / 103KB
2025-11-18T01:04:00.339Z INFO  - 30267c943e5c Pull complete
2025-11-18T01:04:00.436Z INFO  -  Digest: sha256:034be9924524240425434b49116680c65c78c940ea4a9578aecef35a6ab9f90a
2025-11-18T01:04:00.445Z INFO  -  Status: Downloaded newer image for stockspaceregistry.azurecr.io/backend:latest
2025-11-18T01:04:00.477Z INFO  - Pull Image successful, Time taken: 66 Seconds
2025-11-18T01:04:00.767Z INFO  - Starting container for site
2025-11-18T01:04:00.767Z INFO  - docker run -d --expose=8080 --name stockspace-api-01_0_22e60f04 -e WEBSITE_USE_DIAGNOSTIC_SERVER=false -e WEBSITES_ENABLE_APP_SERVICE_STORAGE=false -e WEBSITE_SITE_NAME=stockspace-api-01 -e WEBSITE_AUTH_ENABLED=False -e PORT=8080 -e WEBSITE_ROLE_INSTANCE_ID=0 -e WEBSITE_HOSTNAME=stockspace-api-01-hgf2e5hxemcwckef.japaneast-01.azurewebsites.net -e WEBSITE_INSTANCE_ID=761a092c6cbeec305dbcc6c6e744b006c4d173d9d935c8e17cb6b4c751c4957e stockspaceregistry.azurecr.io/backend:latest REDACTED
2025-11-18T01:04:00.767Z INFO  - Logging is not enabled for this container.
Please use https://aka.ms/linux-diagnostics to enable logging to see container logs here.
2025-11-18T01:04:04.982Z INFO  - Initiating warmup request to container stockspace-api-01_0_22e60f04 for site stockspace-api-01
2025-11-18T01:04:10.583Z ERROR - Container stockspace-api-01_0_22e60f04 for site stockspace-api-01 has exited, failing site start
2025-11-18T01:04:10.599Z ERROR - Container stockspace-api-01_0_22e60f04 didn't respond to HTTP pings on port: 8080. Failing site start. See container logs for debugging.
2025-11-18T01:04:10.677Z INFO  - Stopping site stockspace-api-01 because it failed during startup.
