2025-11-17T17:09:22.1721389Z Container start method called.
2025-11-17T17:09:22.1810730Z Establishing network.
2025-11-17T17:09:22.1921742Z Pulling image: appsvc/python:3.11_20251017.5.tuxprod.
2025-11-17T17:09:23.3610773Z Image appsvc/python:3.11_20251017.5.tuxprod is pulled from registry 10.1.0.4:13209
2025-11-17T17:09:23.3705525Z Container is starting.
2025-11-17T17:09:23.3717741Z Establishing user namespace if not established already.
2025-11-17T17:09:23.3721537Z Establishing network if not established already.
2025-11-17T17:09:23.3808267Z Mounting volumes.
2025-11-17T17:09:23.3920576Z Nested mountpoint 
2025-11-17T17:09:23.6531698Z Nested mountpoint volatile/logs
2025-11-17T17:09:23.7139283Z Nested mountpoint 
2025-11-17T17:09:24.4443135Z Nested mountpoint 
2025-11-17T17:09:24.4672270Z Nested mountpoint 
2025-11-17T17:09:25.1800558Z Creating container.
2025-11-17T17:09:25.1985416Z Creating pipes for streaming container io.
2025-11-17T17:09:25.2009462Z Creating stdout named pipe at /podr/container/pipe/fec6eb243ca8_stockspace-api-01/stdout_2ca586ad5cb247e6b731f225b2846b74.
2025-11-17T17:09:25.2192805Z Successfully created stdout named pipe at: /podr/container/pipe/fec6eb243ca8_stockspace-api-01/stdout_2ca586ad5cb247e6b731f225b2846b74.
2025-11-17T17:09:25.2201800Z Opening named pipe /podr/container/pipe/fec6eb243ca8_stockspace-api-01/stdout_2ca586ad5cb247e6b731f225b2846b74 for reading in non-blocking mode.
2025-11-17T17:09:25.2205073Z Successfully opened named pipe: /podr/container/pipe/fec6eb243ca8_stockspace-api-01/stdout_2ca586ad5cb247e6b731f225b2846b74.
2025-11-17T17:09:25.2206065Z Successfully removed non-blocking flag from /podr/container/pipe/fec6eb243ca8_stockspace-api-01/stdout_2ca586ad5cb247e6b731f225b2846b74.
2025-11-17T17:09:25.2206950Z Creating stderr named pipe at /podr/container/pipe/fec6eb243ca8_stockspace-api-01/stderr_59bc4faf731b4edabfa3e7c47e0aa623.
2025-11-17T17:09:25.2208269Z Successfully created stderr named pipe at: /podr/container/pipe/fec6eb243ca8_stockspace-api-01/stderr_59bc4faf731b4edabfa3e7c47e0aa623.
2025-11-17T17:09:25.2284538Z Opening named pipe /podr/container/pipe/fec6eb243ca8_stockspace-api-01/stderr_59bc4faf731b4edabfa3e7c47e0aa623 for reading in non-blocking mode.
2025-11-17T17:09:25.2288410Z Successfully opened named pipe: /podr/container/pipe/fec6eb243ca8_stockspace-api-01/stderr_59bc4faf731b4edabfa3e7c47e0aa623.
2025-11-17T17:09:25.2289558Z Successfully removed non-blocking flag from /podr/container/pipe/fec6eb243ca8_stockspace-api-01/stderr_59bc4faf731b4edabfa3e7c47e0aa623.
2025-11-17T17:09:25.2305081Z Creating container with image: appsvc/python:3.11_20251017.5.tuxprod from registry: 10.1.0.4:13209 and fully qualified image name: 10.1.0.4:13209/appsvc/python:3.11_20251017.5.tuxprod
2025-11-17T17:09:29.0732636Z Starting container: fec6eb243ca8_stockspace-api-01.
2025-11-17T17:09:30.1075186Z Starting watchers and probes.
2025-11-17T17:09:30.2298256Z Starting metrics collection.
2025-11-17T17:09:30.2504904Z Container is running.
2025-11-17T17:09:31.5663519Z Container start method finished after 9383 ms.
2025-11-17T17:10:23.8310088Z Container has finished running with exit code: 1.
2025-11-17T17:10:23.8402166Z Container is terminating. Grace period: 5 seconds.
2025-11-17T17:10:23.8489470Z Stop and delete container. Retry count = 0
2025-11-17T17:10:23.8504855Z Stopping container: fec6eb243ca8_stockspace-api-01.
2025-11-17T17:10:24.0106074Z Deleting container: fec6eb243ca8_stockspace-api-01. Retry count = 0
2025-11-17T17:10:24.3537951Z Container spec TerminationMessagePolicy  path 
2025-11-17T17:10:24.3632057Z Container is terminated. Total time elapsed: 515 ms.
2025-11-17T17:10:24.3652269Z Site container: stockspace-api-01 terminated during site startup.
2025-11-17T17:10:24.4149946Z Site startup probe failed after 52.5464341 seconds.
2025-11-17T17:10:24.6656959Z Failed to start site. Revert by stopping site.
2025-11-17T17:10:24.7059531Z Site: stockspace-api-01 stopped.
2025-11-17T17:10:39.105Z INFO  - 3.11_20251017.5.tuxprod Pulling from appsvc/python
2025-11-17T17:10:39.203Z INFO  - 10ffc47270cd Pulling fs layer
2025-11-17T17:10:39.294Z INFO  - babe2e3e3c71 Pulling fs layer
2025-11-17T17:10:39.303Z INFO  - 4f4fb700ef54 Pulling fs layer
2025-11-17T17:10:39.304Z INFO  - f7943b878c5a Pulling fs layer
2025-11-17T17:10:39.304Z INFO  - bf91c9135236 Pulling fs layer
2025-11-17T17:10:39.426Z INFO  - a49b20bb820c Pulling fs layer
2025-11-17T17:10:39.426Z INFO  - 2019780686b0 Pulling fs layer
2025-11-17T17:10:39.426Z INFO  - ccbe65ed435b Pulling fs layer
2025-11-17T17:10:39.465Z INFO  - b0399d4f1093 Pulling fs layer
2025-11-17T17:10:39.466Z INFO  - 4296d9e49093 Pulling fs layer
2025-11-17T17:10:39.466Z INFO  - f501553e1eeb Pulling fs layer
2025-11-17T17:10:39.466Z INFO  - 67c9ba2ac3e9 Pulling fs layer
2025-11-17T17:10:39.466Z INFO  - f87a5dc3ab54 Pulling fs layer
2025-11-17T17:10:39.716Z INFO  - cf1f560cc9e6 Pulling fs layer
2025-11-17T17:10:39.718Z INFO  - 614898d2f6e8 Pulling fs layer
2025-11-17T17:10:39.736Z INFO  - 67d8ea62776d Pulling fs layer
2025-11-17T17:10:39.736Z INFO  - a8698dba3c16 Pulling fs layer
2025-11-17T17:10:39.887Z INFO  - bf91c9135236 Downloading 131B / 131B
2025-11-17T17:10:39.887Z INFO  - f7943b878c5a Downloading 386B / 386B
2025-11-17T17:10:39.898Z INFO  - 4223ad926969 Pulling fs layer
2025-11-17T17:10:39.969Z INFO  - bf91c9135236 Verifying Checksum
2025-11-17T17:10:39.969Z INFO  - bf91c9135236 Download complete
2025-11-17T17:10:39.969Z INFO  - f7943b878c5a Verifying Checksum
2025-11-17T17:10:39.970Z INFO  - f7943b878c5a Download complete
2025-11-17T17:10:40.230Z INFO  - d17bda710013 Pulling fs layer
2025-11-17T17:10:40.230Z INFO  - ca4cad3a1f11 Pulling fs layer
2025-11-17T17:10:40.231Z INFO  - 4dab2df7fe81 Pulling fs layer
2025-11-17T17:10:40.239Z INFO  - e5c3f3249afb Pulling fs layer
2025-11-17T17:10:40.239Z INFO  - 6df8253f371a Pulling fs layer
2025-11-17T17:10:40.240Z INFO  - 219dc8274a65 Pulling fs layer
2025-11-17T17:10:40.240Z INFO  - 42ede7a6c55a Pulling fs layer
2025-11-17T17:10:40.240Z INFO  - fb65f28b112b Pulling fs layer
2025-11-17T17:10:40.251Z INFO  - a40510b545e4 Pulling fs layer
2025-11-17T17:10:40.259Z INFO  - 6e80b76a2230 Pulling fs layer
2025-11-17T17:10:40.259Z INFO  - 532e77ac237d Pulling fs layer
2025-11-17T17:10:40.260Z INFO  - c3c20db5b37e Pulling fs layer
2025-11-17T17:10:40.260Z INFO  - 765fc3fc3afc Pulling fs layer
2025-11-17T17:10:40.260Z INFO  - 6b4c2adab45b Pulling fs layer
2025-11-17T17:10:40.412Z INFO  - b7f285bbb111 Pulling fs layer
2025-11-17T17:10:40.412Z INFO  - fdaec5c523b8 Pulling fs layer
2025-11-17T17:10:40.413Z INFO  - f5a6dabbd87f Pulling fs layer
2025-11-17T17:10:40.430Z INFO  - 0440265059c0 Pulling fs layer
2025-11-17T17:10:40.431Z INFO  - 67c9ba2ac3e9 Downloading 3KB / 12KB
2025-11-17T17:10:40.432Z INFO  - 4dab2df7fe81 Waiting
2025-11-17T17:10:40.816Z INFO  - e5c3f3249afb Waiting
2025-11-17T17:10:40.816Z INFO  - 6df8253f371a Waiting
2025-11-17T17:10:40.816Z INFO  - 219dc8274a65 Waiting
2025-11-17T17:10:40.817Z INFO  - 42ede7a6c55a Waiting
2025-11-17T17:10:40.824Z INFO  - fb65f28b112b Waiting
2025-11-17T17:10:40.825Z INFO  - a40510b545e4 Waiting
2025-11-17T17:10:41.187Z INFO  - 6e80b76a2230 Waiting
2025-11-17T17:10:41.187Z INFO  - 532e77ac237d Waiting
2025-11-17T17:10:41.188Z INFO  - c3c20db5b37e Waiting
2025-11-17T17:10:41.188Z INFO  - 765fc3fc3afc Waiting
2025-11-17T17:10:41.189Z INFO  - 6b4c2adab45b Waiting
2025-11-17T17:10:41.189Z INFO  - b7f285bbb111 Waiting
2025-11-17T17:10:41.189Z INFO  - fdaec5c523b8 Waiting
2025-11-17T17:10:41.287Z INFO  - f5a6dabbd87f Waiting
2025-11-17T17:10:41.287Z INFO  - 4f4fb700ef54 Downloading 32B / 32B
2025-11-17T17:10:41.287Z INFO  - b0399d4f1093 Downloading 187B / 187B
2025-11-17T17:10:41.288Z INFO  - 10ffc47270cd Downloading 1MB / 51MB
2025-11-17T17:10:41.288Z INFO  - 4f4fb700ef54 Verifying Checksum
2025-11-17T17:10:41.289Z INFO  - 4f4fb700ef54 Download complete
2025-11-17T17:10:41.289Z INFO  - b0399d4f1093 Verifying Checksum
2025-11-17T17:10:41.289Z INFO  - b0399d4f1093 Download complete
2025-11-17T17:10:41.290Z INFO  - feb3396323fe Pulling fs layer
2025-11-17T17:10:41.290Z INFO  - 5c4548330576 Pulling fs layer
2025-11-17T17:10:41.296Z INFO  - 4296d9e49093 Downloading 35KB / 1MB
2025-11-17T17:10:41.297Z INFO  - a49b20bb820c Downloading 35KB / 250KB
2025-11-17T17:10:41.297Z INFO  - babe2e3e3c71 Downloading 643KB / 30MB
2025-11-17T17:10:41.297Z INFO  - 0440265059c0 Waiting
2025-11-17T17:10:41.298Z INFO  - feb3396323fe Waiting
2025-11-17T17:10:41.298Z INFO  - 5c4548330576 Waiting
2025-11-17T17:10:41.298Z INFO  - ccbe65ed435b Downloading 35KB / 433KB
2025-11-17T17:10:41.298Z INFO  - a8698dba3c16 Downloading 3KB / 12KB
2025-11-17T17:10:41.299Z INFO  - 4296d9e49093 Downloading 227KB / 1MB
2025-11-17T17:10:41.299Z INFO  - 2019780686b0 Downloading 2KB / 2KB
2025-11-17T17:10:41.300Z INFO  - 67c9ba2ac3e9 Download complete
2025-11-17T17:10:41.300Z INFO  - 4296d9e49093 Downloading 259KB / 1MB
2025-11-17T17:10:41.300Z INFO  - f501553e1eeb Download complete
2025-11-17T17:10:41.301Z INFO  - f87a5dc3ab54 Downloading 14KB / 14KB
2025-11-17T17:10:41.301Z INFO  - ccbe65ed435b Downloading 433KB / 433KB
2025-11-17T17:10:41.301Z INFO  - 67d8ea62776d Downloading 39KB / 39KB
2025-11-17T17:10:41.301Z INFO  - a8698dba3c16 Downloading 12KB / 12KB
2025-11-17T17:10:41.301Z INFO  - 2019780686b0 Verifying Checksum
2025-11-17T17:10:41.301Z INFO  - 2019780686b0 Download complete
2025-11-17T17:10:41.302Z INFO  - f87a5dc3ab54 Verifying Checksum
2025-11-17T17:10:41.302Z INFO  - f87a5dc3ab54 Download complete
2025-11-17T17:10:41.302Z INFO  - ccbe65ed435b Verifying Checksum
2025-11-17T17:10:41.302Z INFO  - ccbe65ed435b Download complete
2025-11-17T17:10:41.408Z INFO  - 67d8ea62776d Verifying Checksum
2025-11-17T17:10:41.408Z INFO  - 67d8ea62776d Download complete
2025-11-17T17:10:41.409Z INFO  - a8698dba3c16 Verifying Checksum
2025-11-17T17:10:41.409Z INFO  - a8698dba3c16 Download complete
2025-11-17T17:10:41.409Z INFO  - a221ee0b6f49 Pulling fs layer
2025-11-17T17:10:41.426Z INFO  - ac250ea855ab Pulling fs layer
2025-11-17T17:10:41.426Z INFO  - 6de9a9da98da Pulling fs layer
2025-11-17T17:10:41.426Z INFO  - d531dc368e36 Pulling fs layer
2025-11-17T17:10:41.427Z INFO  - c0fc26e916f7 Pulling fs layer
2025-11-17T17:10:41.427Z INFO  - 50a09b64903a Pulling fs layer
2025-11-17T17:10:41.428Z INFO  - 7b94c70810bd Pulling fs layer
2025-11-17T17:10:41.428Z INFO  - b8c2a35bf8cf Pulling fs layer
2025-11-17T17:10:41.428Z INFO  - 0b9fc1ae6357 Pulling fs layer
2025-11-17T17:10:41.428Z INFO  - a49b20bb820c Downloading 211KB / 250KB
2025-11-17T17:10:41.428Z INFO  - a221ee0b6f49 Waiting
2025-11-17T17:10:41.429Z INFO  - ac250ea855ab Waiting
2025-11-17T17:10:41.429Z INFO  - 1be8b0b29112 Pulling fs layer
2025-11-17T17:10:41.637Z INFO  - e4bfa5b09991 Pulling fs layer
2025-11-17T17:10:41.777Z INFO  - 20256efc20c6 Pulling fs layer
2025-11-17T17:10:41.778Z INFO  - 655ae1159747 Pulling fs layer
2025-11-17T17:10:41.778Z INFO  - a9d311bf7864 Pulling fs layer
2025-11-17T17:10:41.778Z INFO  - 52d8d446e592 Pulling fs layer
2025-11-17T17:10:41.778Z INFO  - 2fd6879c6c9f Pulling fs layer
2025-11-17T17:10:41.778Z INFO  - d531dc368e36 Waiting
2025-11-17T17:10:41.779Z INFO  - c0fc26e916f7 Waiting
2025-11-17T17:10:41.779Z INFO  - 50a09b64903a Waiting
2025-11-17T17:10:41.779Z INFO  - 7b94c70810bd Waiting
2025-11-17T17:10:41.780Z INFO  - b8c2a35bf8cf Waiting
2025-11-17T17:10:41.787Z INFO  - 0b9fc1ae6357 Waiting
2025-11-17T17:10:41.787Z INFO  - 614898d2f6e8 Downloading 35KB / 1MB
2025-11-17T17:10:41.788Z INFO  - 4296d9e49093 Downloading 835KB / 1MB
2025-11-17T17:10:41.788Z INFO  - babe2e3e3c71 Downloading 1MB / 30MB
2025-11-17T17:10:41.788Z INFO  - 6de9a9da98da Waiting
2025-11-17T17:10:41.788Z INFO  - 1be8b0b29112 Waiting
2025-11-17T17:10:41.788Z INFO  - e4bfa5b09991 Waiting
2025-11-17T17:10:41.789Z INFO  - 20256efc20c6 Waiting
2025-11-17T17:10:41.789Z INFO  - 655ae1159747 Waiting
2025-11-17T17:10:41.790Z INFO  - a9d311bf7864 Waiting
2025-11-17T17:10:41.797Z INFO  - 52d8d446e592 Waiting
2025-11-17T17:10:41.798Z INFO  - 2fd6879c6c9f Waiting
2025-11-17T17:10:41.798Z INFO  - 10ffc47270cd Downloading 3MB / 51MB
2025-11-17T17:10:41.799Z INFO  - 4223ad926969 Downloading 14KB / 14KB
2025-11-17T17:10:41.799Z INFO  - a49b20bb820c Downloading 250KB / 250KB
2025-11-17T17:10:41.799Z INFO  - 4296d9e49093 Verifying Checksum
2025-11-17T17:10:41.800Z INFO  - 4296d9e49093 Download complete
2025-11-17T17:10:41.800Z INFO  - 4223ad926969 Verifying Checksum
2025-11-17T17:10:41.800Z INFO  - 4223ad926969 Download complete
2025-11-17T17:10:41.807Z INFO  - a49b20bb820c Verifying Checksum
2025-11-17T17:10:41.808Z INFO  - a49b20bb820c Download complete
2025-11-17T17:10:41.808Z INFO  - fb65f28b112b Downloading 3KB / 4KB
2025-11-17T17:10:41.809Z INFO  - d17bda710013 Downloading 1KB / 1KB
2025-11-17T17:10:41.809Z INFO  - 219dc8274a65 Downloading 2KB / 2KB
2025-11-17T17:10:41.809Z INFO  - 6df8253f371a Downloading 527B / 527B
2025-11-17T17:10:41.810Z INFO  - ca4cad3a1f11 Downloading 2KB / 2KB
2025-11-17T17:10:41.810Z INFO  - fb65f28b112b Downloading 4KB / 4KB
2025-11-17T17:10:41.810Z INFO  - d17bda710013 Verifying Checksum
2025-11-17T17:10:41.817Z INFO  - d17bda710013 Download complete
2025-11-17T17:10:41.817Z INFO  - 219dc8274a65 Verifying Checksum
2025-11-17T17:10:41.818Z INFO  - 219dc8274a65 Download complete
2025-11-17T17:10:41.818Z INFO  - 6df8253f371a Verifying Checksum
2025-11-17T17:10:41.818Z INFO  - 6df8253f371a Download complete
2025-11-17T17:10:41.818Z INFO  - ca4cad3a1f11 Verifying Checksum
2025-11-17T17:10:41.818Z INFO  - ca4cad3a1f11 Download complete
2025-11-17T17:10:41.819Z INFO  - fb65f28b112b Verifying Checksum
2025-11-17T17:10:41.819Z INFO  - fb65f28b112b Download complete
2025-11-17T17:10:41.819Z INFO  - 10ffc47270cd Downloading 4MB / 51MB
2025-11-17T17:10:41.819Z INFO  - 614898d2f6e8 Downloading 1MB / 1MB
2025-11-17T17:10:41.820Z INFO  - 4dab2df7fe81 Downloading 508B / 508B
2025-11-17T17:10:41.838Z INFO  - e5c3f3249afb Downloading 527B / 527B
2025-11-17T17:10:41.838Z INFO  - 765fc3fc3afc Downloading 1KB / 1KB
2025-11-17T17:10:41.838Z INFO  - fdaec5c523b8 Downloading 133B / 133B
2025-11-17T17:10:41.838Z INFO  - 6b4c2adab45b Downloading 1KB / 1KB
2025-11-17T17:10:41.838Z INFO  - 4dab2df7fe81 Verifying Checksum
2025-11-17T17:10:41.838Z INFO  - 4dab2df7fe81 Download complete
2025-11-17T17:10:41.839Z INFO  - e5c3f3249afb Verifying Checksum
2025-11-17T17:10:41.839Z INFO  - e5c3f3249afb Download complete
2025-11-17T17:10:41.839Z INFO  - 765fc3fc3afc Verifying Checksum
2025-11-17T17:10:41.839Z INFO  - 765fc3fc3afc Download complete
2025-11-17T17:10:41.839Z INFO  - fdaec5c523b8 Verifying Checksum
2025-11-17T17:10:41.839Z INFO  - fdaec5c523b8 Download complete
2025-11-17T17:10:41.839Z INFO  - 6b4c2adab45b Verifying Checksum
2025-11-17T17:10:41.839Z INFO  - 6b4c2adab45b Download complete
2025-11-17T17:10:41.839Z INFO  - cf1f560cc9e6 Downloading 521KB / 56MB
2025-11-17T17:10:41.857Z INFO  - a221ee0b6f49 Downloading 416B / 416B
2025-11-17T17:10:41.857Z INFO  - f5a6dabbd87f Downloading 270B / 270B
2025-11-17T17:10:41.857Z INFO  - 614898d2f6e8 Verifying Checksum
2025-11-17T17:10:41.858Z INFO  - 614898d2f6e8 Download complete
2025-11-17T17:10:41.858Z INFO  - b7f285bbb111 Downloading 3KB / 3KB
2025-11-17T17:10:41.858Z INFO  - a221ee0b6f49 Verifying Checksum
2025-11-17T17:10:41.859Z INFO  - a221ee0b6f49 Download complete
2025-11-17T17:10:41.859Z INFO  - f5a6dabbd87f Verifying Checksum
2025-11-17T17:10:41.859Z INFO  - f5a6dabbd87f Download complete
2025-11-17T17:10:41.859Z INFO  - b7f285bbb111 Verifying Checksum
2025-11-17T17:10:41.859Z INFO  - b7f285bbb111 Download complete
2025-11-17T17:10:41.859Z INFO  - babe2e3e3c71 Downloading 3MB / 30MB
2025-11-17T17:10:41.859Z INFO  - 532e77ac237d Downloading 131KB / 5MB
2025-11-17T17:10:41.909Z INFO  - 42ede7a6c55a Downloading 515KB / 111MB
2025-11-17T17:10:41.930Z INFO  - feb3396323fe Downloading 833B / 833B
2025-11-17T17:10:41.937Z INFO  - 5c4548330576 Downloading 124B / 124B
2025-11-17T17:10:41.938Z INFO  - 0440265059c0 Downloading 272B / 272B
2025-11-17T17:10:41.938Z INFO  - ac250ea855ab Downloading 1KB / 1KB
2025-11-17T17:10:41.940Z INFO  - feb3396323fe Verifying Checksum
2025-11-17T17:10:41.948Z INFO  - feb3396323fe Download complete
2025-11-17T17:10:41.978Z INFO  - 5c4548330576 Verifying Checksum
2025-11-17T17:10:41.978Z INFO  - 5c4548330576 Download complete
2025-11-17T17:10:41.979Z INFO  - 0440265059c0 Verifying Checksum
2025-11-17T17:10:41.988Z INFO  - 0440265059c0 Download complete
2025-11-17T17:10:41.988Z INFO  - ac250ea855ab Verifying Checksum
2025-11-17T17:10:42.200Z INFO  - ac250ea855ab Download complete
2025-11-17T17:10:42.392Z INFO  - 10ffc47270cd Downloading 5MB / 51MB
2025-11-17T17:10:42.430Z INFO  - a40510b545e4 Downloading 784KB / 36MB
2025-11-17T17:10:42.431Z INFO  - 42ede7a6c55a Downloading 1MB / 111MB
2025-11-17T17:10:42.431Z INFO  - cf1f560cc9e6 Downloading 1MB / 56MB
2025-11-17T17:10:42.432Z INFO  - 532e77ac237d Downloading 771KB / 5MB
2025-11-17T17:10:42.602Z INFO  - d531dc368e36 Downloading 2KB / 2KB
2025-11-17T17:10:42.603Z INFO  - c0fc26e916f7 Downloading 121B / 121B
2025-11-17T17:10:42.611Z INFO  - 6de9a9da98da Downloading 1KB / 1KB
2025-11-17T17:10:42.611Z INFO  - 50a09b64903a Downloading 1KB / 1KB
2025-11-17T17:10:42.612Z INFO  - 0b9fc1ae6357 Downloading 842B / 842B
2025-11-17T17:10:42.613Z INFO  - b8c2a35bf8cf Downloading 355B / 355B
2025-11-17T17:10:42.620Z INFO  - 7b94c70810bd Downloading 1KB / 1KB
2025-11-17T17:10:42.662Z INFO  - d531dc368e36 Verifying Checksum
2025-11-17T17:10:42.663Z INFO  - d531dc368e36 Download complete
2025-11-17T17:10:42.663Z INFO  - c0fc26e916f7 Verifying Checksum
2025-11-17T17:10:42.664Z INFO  - c0fc26e916f7 Download complete
2025-11-17T17:10:42.664Z INFO  - 6de9a9da98da Verifying Checksum
2025-11-17T17:10:42.671Z INFO  - 6de9a9da98da Download complete
2025-11-17T17:10:42.671Z INFO  - 50a09b64903a Verifying Checksum
2025-11-17T17:10:42.672Z INFO  - 50a09b64903a Download complete
2025-11-17T17:10:42.672Z INFO  - 0b9fc1ae6357 Verifying Checksum
2025-11-17T17:10:42.733Z INFO  - 0b9fc1ae6357 Download complete
2025-11-17T17:10:42.752Z INFO  - b8c2a35bf8cf Verifying Checksum
2025-11-17T17:10:42.752Z INFO  - b8c2a35bf8cf Download complete
2025-11-17T17:10:42.754Z INFO  - 7b94c70810bd Verifying Checksum
2025-11-17T17:10:42.794Z INFO  - 7b94c70810bd Download complete
2025-11-17T17:10:42.843Z INFO  - 6e80b76a2230 Downloading 1MB / 36MB
2025-11-17T17:10:42.844Z INFO  - babe2e3e3c71 Downloading 4MB / 30MB
2025-11-17T17:10:42.844Z INFO  - 10ffc47270cd Downloading 6MB / 51MB
2025-11-17T17:10:42.852Z INFO  - 1be8b0b29112 Downloading 137B / 137B
2025-11-17T17:10:42.852Z INFO  - 655ae1159747 Downloading 3KB / 11KB
2025-11-17T17:10:42.873Z INFO  - e4bfa5b09991 Downloading 2KB / 2KB
2025-11-17T17:10:42.874Z INFO  - 20256efc20c6 Downloading 143B / 143B
2025-11-17T17:10:42.874Z INFO  - 655ae1159747 Downloading 11KB / 11KB
2025-11-17T17:10:42.874Z INFO  - 1be8b0b29112 Verifying Checksum
2025-11-17T17:10:42.874Z INFO  - 1be8b0b29112 Download complete
2025-11-17T17:10:42.874Z INFO  - e4bfa5b09991 Verifying Checksum
2025-11-17T17:10:42.874Z INFO  - e4bfa5b09991 Download complete
2025-11-17T17:10:42.874Z INFO  - 20256efc20c6 Verifying Checksum
2025-11-17T17:10:42.874Z INFO  - 20256efc20c6 Download complete
2025-11-17T17:10:42.874Z INFO  - 655ae1159747 Verifying Checksum
2025-11-17T17:10:42.874Z INFO  - 655ae1159747 Download complete
2025-11-17T17:10:42.874Z INFO  - 532e77ac237d Downloading 1MB / 5MB
2025-11-17T17:10:42.874Z INFO  - a40510b545e4 Downloading 1MB / 36MB
2025-11-17T17:10:42.874Z INFO  - a9d311bf7864 Downloading 249KB / 5MB
2025-11-17T17:10:42.874Z INFO  - 52d8d446e592 Downloading 16KB / 16KB
2025-11-17T17:10:42.874Z INFO  - 52d8d446e592 Verifying Checksum
2025-11-17T17:10:42.874Z INFO  - 52d8d446e592 Download complete
2025-11-17T17:10:42.874Z INFO  - c3c20db5b37e Downloading 528KB / 67MB
2025-11-17T17:10:42.874Z INFO  - cf1f560cc9e6 Downloading 2MB / 56MB
2025-11-17T17:10:42.874Z INFO  - babe2e3e3c71 Downloading 5MB / 30MB
2025-11-17T17:10:42.952Z INFO  - 532e77ac237d Downloading 1MB / 5MB
2025-11-17T17:10:42.952Z INFO  - a40510b545e4 Downloading 2MB / 36MB
2025-11-17T17:10:42.952Z INFO  - 6e80b76a2230 Downloading 2MB / 36MB
2025-11-17T17:10:42.952Z INFO  - 2fd6879c6c9f Download complete
2025-11-17T17:10:43.193Z INFO  - 42ede7a6c55a Downloading 2MB / 111MB
2025-11-17T17:10:43.335Z INFO  - c3c20db5b37e Downloading 1MB / 67MB
2025-11-17T17:10:43.566Z INFO  - a40510b545e4 Downloading 3MB / 36MB
2025-11-17T17:10:43.706Z INFO  - 6e80b76a2230 Downloading 2MB / 36MB
2025-11-17T17:10:43.706Z INFO  - 10ffc47270cd Downloading 8MB / 51MB
2025-11-17T17:10:43.706Z INFO  - babe2e3e3c71 Downloading 6MB / 30MB
2025-11-17T17:10:43.706Z INFO  - 532e77ac237d Downloading 2MB / 5MB
2025-11-17T17:10:43.706Z INFO  - 42ede7a6c55a Downloading 3MB / 111MB
2025-11-17T17:10:43.706Z INFO  - 532e77ac237d Downloading 2MB / 5MB
2025-11-17T17:10:43.806Z INFO  - cf1f560cc9e6 Downloading 4MB / 56MB
2025-11-17T17:10:44.018Z INFO  - babe2e3e3c71 Downloading 6MB / 30MB
2025-11-17T17:10:44.039Z INFO  - 532e77ac237d Downloading 2MB / 5MB
2025-11-17T17:10:44.039Z INFO  - a9d311bf7864 Downloading 2MB / 5MB
2025-11-17T17:10:44.278Z INFO  - 10ffc47270cd Downloading 9MB / 51MB
2025-11-17T17:10:44.278Z INFO  - a40510b545e4 Downloading 3MB / 36MB
2025-11-17T17:10:44.278Z INFO  - 532e77ac237d Downloading 3MB / 5MB
2025-11-17T17:10:44.341Z INFO  - a9d311bf7864 Downloading 3MB / 5MB
2025-11-17T17:10:44.348Z INFO  - 42ede7a6c55a Downloading 4MB / 111MB
2025-11-17T17:10:44.509Z INFO  - cf1f560cc9e6 Downloading 5MB / 56MB
2025-11-17T17:10:44.509Z INFO  - 10ffc47270cd Downloading 10MB / 51MB
2025-11-17T17:10:44.509Z INFO  - 42ede7a6c55a Downloading 5MB / 111MB
2025-11-17T17:10:44.692Z INFO  - 6e80b76a2230 Downloading 5MB / 36MB
2025-11-17T17:10:44.709Z INFO  - babe2e3e3c71 Downloading 7MB / 30MB
2025-11-17T17:10:44.710Z INFO  - 532e77ac237d Downloading 3MB / 5MB
2025-11-17T17:10:44.751Z INFO  - a40510b545e4 Downloading 4MB / 36MB
2025-11-17T17:10:44.771Z INFO  - 532e77ac237d Downloading 3MB / 5MB
2025-11-17T17:10:44.831Z INFO  - a9d311bf7864 Downloading 4MB / 5MB
2025-11-17T17:10:44.883Z INFO  - a9d311bf7864 Verifying Checksum
2025-11-17T17:10:44.883Z INFO  - a9d311bf7864 Download complete
2025-11-17T17:10:44.883Z INFO  - a40510b545e4 Downloading 5MB / 36MB
2025-11-17T17:10:44.911Z INFO  - cf1f560cc9e6 Downloading 6MB / 56MB
2025-11-17T17:10:44.973Z INFO  - 532e77ac237d Downloading 5MB / 5MB
2025-11-17T17:10:44.982Z INFO  - a40510b545e4 Downloading 6MB / 36MB
2025-11-17T17:10:45.051Z INFO  - 42ede7a6c55a Downloading 6MB / 111MB
2025-11-17T17:10:45.052Z INFO  - babe2e3e3c71 Downloading 8MB / 30MB
2025-11-17T17:10:45.053Z INFO  - 532e77ac237d Verifying Checksum
2025-11-17T17:10:45.053Z INFO  - 532e77ac237d Download complete
2025-11-17T17:10:45.054Z INFO  - 6e80b76a2230 Downloading 5MB / 36MB
2025-11-17T17:10:45.143Z INFO  - babe2e3e3c71 Downloading 9MB / 30MB
2025-11-17T17:10:45.143Z INFO  - a40510b545e4 Downloading 6MB / 36MB
2025-11-17T17:10:45.153Z INFO  - c3c20db5b37e Downloading 4MB / 67MB
2025-11-17T17:10:45.213Z INFO  - 10ffc47270cd Downloading 13MB / 51MB
2025-11-17T17:10:45.374Z INFO  - 10ffc47270cd Downloading 14MB / 51MB
2025-11-17T17:10:45.424Z INFO  - a40510b545e4 Downloading 7MB / 36MB
2025-11-17T17:10:45.445Z INFO  - 6e80b76a2230 Downloading 7MB / 36MB
2025-11-17T17:10:45.454Z INFO  - 42ede7a6c55a Downloading 9MB / 111MB
2025-11-17T17:10:45.536Z INFO  - cf1f560cc9e6 Downloading 9MB / 56MB
2025-11-17T17:10:45.637Z INFO  - babe2e3e3c71 Downloading 11MB / 30MB
2025-11-17T17:10:45.655Z INFO  - 42ede7a6c55a Downloading 9MB / 111MB
2025-11-17T17:10:45.745Z INFO  - 6e80b76a2230 Downloading 8MB / 36MB
2025-11-17T17:10:45.765Z INFO  - a40510b545e4 Downloading 9MB / 36MB
2025-11-17T17:10:45.817Z INFO  - cf1f560cc9e6 Downloading 10MB / 56MB
2025-11-17T17:10:45.928Z INFO  - 10ffc47270cd Downloading 16MB / 51MB
2025-11-17T17:10:45.936Z INFO  - c3c20db5b37e Downloading 5MB / 67MB
2025-11-17T17:10:46.067Z INFO  - cf1f560cc9e6 Downloading 11MB / 56MB
2025-11-17T17:10:46.178Z INFO  - 6e80b76a2230 Downloading 9MB / 36MB
2025-11-17T17:10:46.178Z INFO  - a40510b545e4 Downloading 9MB / 36MB
2025-11-17T17:10:46.239Z INFO  - 42ede7a6c55a Downloading 12MB / 111MB
2025-11-17T17:10:46.239Z INFO  - 10ffc47270cd Downloading 18MB / 51MB
2025-11-17T17:10:46.240Z INFO  - cf1f560cc9e6 Downloading 12MB / 56MB
2025-11-17T17:10:46.339Z INFO  - c3c20db5b37e Downloading 6MB / 67MB
2025-11-17T17:10:46.471Z INFO  - 6e80b76a2230 Downloading 10MB / 36MB
2025-11-17T17:10:46.561Z INFO  - a40510b545e4 Downloading 11MB / 36MB
2025-11-17T17:10:46.752Z INFO  - a40510b545e4 Downloading 12MB / 36MB
2025-11-17T17:10:46.771Z INFO  - cf1f560cc9e6 Downloading 13MB / 56MB
2025-11-17T17:10:46.802Z INFO  - 42ede7a6c55a Downloading 13MB / 111MB
2025-11-17T17:10:46.880Z INFO  - 6e80b76a2230 Downloading 13MB / 36MB
2025-11-17T17:10:46.880Z INFO  - babe2e3e3c71 Downloading 16MB / 30MB
2025-11-17T17:10:46.880Z INFO  - 10ffc47270cd Downloading 20MB / 51MB
2025-11-17T17:10:47.024Z INFO  - 42ede7a6c55a Downloading 14MB / 111MB
2025-11-17T17:10:47.103Z INFO  - a40510b545e4 Downloading 12MB / 36MB
2025-11-17T17:10:47.103Z INFO  - babe2e3e3c71 Downloading 17MB / 30MB
2025-11-17T17:10:47.221Z INFO  - c3c20db5b37e Downloading 10MB / 67MB
2025-11-17T17:10:47.454Z INFO  - cf1f560cc9e6 Downloading 14MB / 56MB
2025-11-17T17:10:47.454Z INFO  - 6e80b76a2230 Downloading 14MB / 36MB
2025-11-17T17:10:47.755Z INFO  - c3c20db5b37e Downloading 11MB / 67MB
2025-11-17T17:10:47.757Z INFO  - 42ede7a6c55a Downloading 15MB / 111MB
2025-11-17T17:10:47.887Z INFO  - babe2e3e3c71 Downloading 18MB / 30MB
2025-11-17T17:10:47.957Z INFO  - a40510b545e4 Downloading 14MB / 36MB
2025-11-17T17:10:47.968Z INFO  - 42ede7a6c55a Downloading 16MB / 111MB
2025-11-17T17:10:47.997Z INFO  - babe2e3e3c71 Downloading 19MB / 30MB
2025-11-17T17:10:48.055Z INFO  - c3c20db5b37e Downloading 12MB / 67MB
2025-11-17T17:10:48.055Z INFO  - a40510b545e4 Downloading 15MB / 36MB
2025-11-17T17:10:48.117Z INFO  - 6e80b76a2230 Downloading 15MB / 36MB
2025-11-17T17:10:48.118Z INFO  - 10ffc47270cd Downloading 22MB / 51MB
2025-11-17T17:10:48.177Z INFO  - a40510b545e4 Downloading 15MB / 36MB
2025-11-17T17:10:48.266Z INFO  - 42ede7a6c55a Downloading 18MB / 111MB
2025-11-17T17:10:48.507Z INFO  - babe2e3e3c71 Downloading 19MB / 30MB
2025-11-17T17:10:48.507Z INFO  - c3c20db5b37e Downloading 13MB / 67MB
2025-11-17T17:10:48.590Z INFO  - cf1f560cc9e6 Downloading 17MB / 56MB
2025-11-17T17:10:48.699Z INFO  - babe2e3e3c71 Downloading 20MB / 30MB
2025-11-17T17:10:48.700Z INFO  - 6e80b76a2230 Downloading 16MB / 36MB
2025-11-17T17:10:48.811Z INFO  - 10ffc47270cd Downloading 24MB / 51MB
2025-11-17T17:10:48.828Z INFO  - 42ede7a6c55a Downloading 20MB / 111MB
2025-11-17T17:10:48.828Z INFO  - cf1f560cc9e6 Downloading 18MB / 56MB
2025-11-17T17:10:48.828Z INFO  - 6e80b76a2230 Downloading 18MB / 36MB
2025-11-17T17:10:48.828Z INFO  - 42ede7a6c55a Downloading 20MB / 111MB
2025-11-17T17:10:48.979Z INFO  - a40510b545e4 Downloading 18MB / 36MB
2025-11-17T17:10:48.979Z INFO  - 10ffc47270cd Downloading 26MB / 51MB
2025-11-17T17:10:48.979Z INFO  - cf1f560cc9e6 Downloading 19MB / 56MB
2025-11-17T17:10:49.151Z INFO  - 6e80b76a2230 Downloading 19MB / 36MB
2025-11-17T17:10:49.241Z INFO  - a40510b545e4 Downloading 19MB / 36MB
2025-11-17T17:10:49.242Z INFO  - 10ffc47270cd Downloading 27MB / 51MB
2025-11-17T17:10:49.391Z INFO  - 6e80b76a2230 Downloading 21MB / 36MB
2025-11-17T17:10:49.461Z INFO  - c3c20db5b37e Downloading 18MB / 67MB
2025-11-17T17:10:49.491Z INFO  - 6e80b76a2230 Downloading 22MB / 36MB
2025-11-17T17:10:49.712Z INFO  - 6e80b76a2230 Downloading 22MB / 36MB
2025-11-17T17:10:49.784Z INFO  - babe2e3e3c71 Downloading 26MB / 30MB
2025-11-17T17:10:49.822Z INFO  - 42ede7a6c55a Downloading 23MB / 111MB
2025-11-17T17:10:49.822Z INFO  - 10ffc47270cd Downloading 29MB / 51MB
2025-11-17T17:10:50.052Z INFO  - c3c20db5b37e Downloading 19MB / 67MB
2025-11-17T17:10:50.052Z INFO  - cf1f560cc9e6 Downloading 24MB / 56MB
2025-11-17T17:10:50.052Z INFO  - babe2e3e3c71 Downloading 26MB / 30MB
2025-11-17T17:10:50.122Z INFO  - 6e80b76a2230 Downloading 23MB / 36MB
2025-11-17T17:10:50.355Z INFO  - 10ffc47270cd Downloading 31MB / 51MB
2025-11-17T17:10:50.424Z INFO  - 6e80b76a2230 Downloading 24MB / 36MB
2025-11-17T17:10:50.494Z INFO  - cf1f560cc9e6 Downloading 25MB / 56MB
2025-11-17T17:10:50.577Z INFO  - 42ede7a6c55a Downloading 24MB / 111MB
2025-11-17T17:10:50.638Z INFO  - a40510b545e4 Downloading 23MB / 36MB
2025-11-17T17:10:50.788Z INFO  - 10ffc47270cd Downloading 32MB / 51MB
2025-11-17T17:10:50.788Z INFO  - c3c20db5b37e Downloading 20MB / 67MB
2025-11-17T17:10:50.788Z INFO  - 6e80b76a2230 Downloading 25MB / 36MB
2025-11-17T17:10:50.788Z INFO  - 42ede7a6c55a Downloading 25MB / 111MB
2025-11-17T17:10:50.788Z INFO  - 10ffc47270cd Downloading 33MB / 51MB
2025-11-17T17:10:50.997Z INFO  - a40510b545e4 Downloading 24MB / 36MB
2025-11-17T17:10:51.037Z INFO  - 6e80b76a2230 Downloading 25MB / 36MB
2025-11-17T17:10:51.037Z INFO  - c3c20db5b37e Downloading 22MB / 67MB
2025-11-17T17:10:51.037Z INFO  - babe2e3e3c71 Verifying Checksum
2025-11-17T17:10:51.037Z INFO  - babe2e3e3c71 Download complete
2025-11-17T17:10:51.037Z INFO  - cf1f560cc9e6 Downloading 26MB / 56MB
2025-11-17T17:10:51.118Z INFO  - 6e80b76a2230 Downloading 26MB / 36MB
2025-11-17T17:10:51.119Z INFO  - 42ede7a6c55a Downloading 27MB / 111MB
2025-11-17T17:10:51.149Z INFO  - a40510b545e4 Downloading 24MB / 36MB
2025-11-17T17:10:51.329Z INFO  - c3c20db5b37e Downloading 23MB / 67MB
2025-11-17T17:10:51.338Z INFO  - a40510b545e4 Downloading 25MB / 36MB
2025-11-17T17:10:51.580Z INFO  - 42ede7a6c55a Downloading 27MB / 111MB
2025-11-17T17:10:51.601Z INFO  - 10ffc47270cd Downloading 35MB / 51MB
2025-11-17T17:10:51.601Z INFO  - cf1f560cc9e6 Downloading 27MB / 56MB
2025-11-17T17:10:51.711Z INFO  - a40510b545e4 Downloading 25MB / 36MB
2025-11-17T17:10:51.721Z INFO  - c3c20db5b37e Downloading 24MB / 67MB
2025-11-17T17:10:51.850Z INFO  - 42ede7a6c55a Downloading 29MB / 111MB
2025-11-17T17:10:51.891Z INFO  - 6e80b76a2230 Downloading 28MB / 36MB
2025-11-17T17:10:51.911Z INFO  - c3c20db5b37e Downloading 24MB / 67MB
2025-11-17T17:10:51.912Z INFO  - cf1f560cc9e6 Downloading 28MB / 56MB
2025-11-17T17:10:52.324Z INFO  - a40510b545e4 Downloading 28MB / 36MB
2025-11-17T17:10:52.324Z INFO  - 6e80b76a2230 Downloading 29MB / 36MB
2025-11-17T17:10:52.324Z INFO  - cf1f560cc9e6 Downloading 29MB / 56MB
2025-11-17T17:10:52.445Z INFO  - 42ede7a6c55a Downloading 31MB / 111MB
2025-11-17T17:10:52.445Z INFO  - 6e80b76a2230 Downloading 29MB / 36MB
2025-11-17T17:10:52.456Z INFO  - c3c20db5b37e Downloading 26MB / 67MB
2025-11-17T17:10:52.456Z INFO  - 42ede7a6c55a Downloading 31MB / 111MB
2025-11-17T17:10:52.457Z INFO  - cf1f560cc9e6 Downloading 30MB / 56MB
2025-11-17T17:10:52.457Z INFO  - a40510b545e4 Downloading 28MB / 36MB
2025-11-17T17:10:52.706Z INFO  - a40510b545e4 Downloading 29MB / 36MB
2025-11-17T17:10:52.714Z INFO  - 10ffc47270cd Downloading 40MB / 51MB
2025-11-17T17:10:52.715Z INFO  - a40510b545e4 Downloading 30MB / 36MB
2025-11-17T17:10:52.956Z INFO  - c3c20db5b37e Downloading 27MB / 67MB
2025-11-17T17:10:53.318Z INFO  - cf1f560cc9e6 Downloading 32MB / 56MB
2025-11-17T17:10:53.318Z INFO  - c3c20db5b37e Downloading 27MB / 67MB
2025-11-17T17:10:53.356Z INFO  - a40510b545e4 Downloading 31MB / 36MB
2025-11-17T17:10:53.356Z INFO  - 10ffc47270cd Downloading 41MB / 51MB
2025-11-17T17:10:53.457Z INFO  - 6e80b76a2230 Downloading 32MB / 36MB
2025-11-17T17:10:54.603Z INFO  - c3c20db5b37e Downloading 28MB / 67MB
2025-11-17T17:10:54.975Z INFO  - cf1f560cc9e6 Downloading 33MB / 56MB
2025-11-17T17:10:54.975Z INFO  - 6e80b76a2230 Downloading 32MB / 36MB
2025-11-17T17:10:54.995Z INFO  - 10ffc47270cd Downloading 42MB / 51MB
2025-11-17T17:10:55.077Z INFO  - a40510b545e4 Downloading 32MB / 36MB
2025-11-17T17:10:55.409Z INFO  - 42ede7a6c55a Downloading 33MB / 111MB
2025-11-17T17:10:55.660Z INFO  - 6e80b76a2230 Downloading 33MB / 36MB
2025-11-17T17:10:55.870Z INFO  - a40510b545e4 Downloading 33MB / 36MB
2025-11-17T17:10:55.890Z INFO  - cf1f560cc9e6 Downloading 34MB / 56MB
2025-11-17T17:10:56.153Z INFO  - 42ede7a6c55a Downloading 34MB / 111MB
2025-11-17T17:10:56.153Z INFO  - 10ffc47270cd Downloading 43MB / 51MB
2025-11-17T17:10:56.153Z INFO  - 6e80b76a2230 Downloading 34MB / 36MB
2025-11-17T17:10:56.564Z INFO  - a40510b545e4 Downloading 35MB / 36MB
2025-11-17T17:10:56.743Z INFO  - cf1f560cc9e6 Downloading 35MB / 56MB
2025-11-17T17:10:56.753Z INFO  - 42ede7a6c55a Downloading 36MB / 111MB
2025-11-17T17:10:56.754Z INFO  - c3c20db5b37e Downloading 30MB / 67MB
2025-11-17T17:10:56.755Z INFO  - a40510b545e4 Verifying Checksum
2025-11-17T17:10:56.755Z INFO  - a40510b545e4 Download complete
2025-11-17T17:10:56.755Z INFO  - 6e80b76a2230 Verifying Checksum
2025-11-17T17:10:56.755Z INFO  - 6e80b76a2230 Download complete
2025-11-17T17:10:56.794Z INFO  - 42ede7a6c55a Downloading 36MB / 111MB
2025-11-17T17:10:56.883Z INFO  - cf1f560cc9e6 Downloading 36MB / 56MB
2025-11-17T17:10:56.936Z INFO  - 42ede7a6c55a Downloading 38MB / 111MB
2025-11-17T17:10:57.075Z INFO  - c3c20db5b37e Downloading 32MB / 67MB
2025-11-17T17:10:57.114Z INFO  - cf1f560cc9e6 Downloading 38MB / 56MB
2025-11-17T17:10:57.195Z INFO  - 42ede7a6c55a Downloading 40MB / 111MB
2025-11-17T17:10:57.226Z INFO  - c3c20db5b37e Downloading 34MB / 67MB
2025-11-17T17:10:57.227Z INFO  - cf1f560cc9e6 Downloading 40MB / 56MB
2025-11-17T17:10:57.245Z INFO  - 10ffc47270cd Downloading 50MB / 51MB
2025-11-17T17:10:57.325Z INFO  - c3c20db5b37e Downloading 35MB / 67MB
2025-11-17T17:10:57.346Z INFO  - 10ffc47270cd Verifying Checksum
2025-11-17T17:10:57.346Z INFO  - 10ffc47270cd Download complete
2025-11-17T17:10:57.347Z INFO  - cf1f560cc9e6 Downloading 41MB / 56MB
2025-11-17T17:10:57.497Z INFO  - c3c20db5b37e Downloading 36MB / 67MB
2025-11-17T17:10:57.498Z INFO  - cf1f560cc9e6 Downloading 43MB / 56MB
2025-11-17T17:10:57.596Z INFO  - 42ede7a6c55a Downloading 43MB / 111MB
2025-11-17T17:10:57.606Z INFO  - c3c20db5b37e Downloading 39MB / 67MB
2025-11-17T17:10:57.666Z INFO  - cf1f560cc9e6 Downloading 44MB / 56MB
2025-11-17T17:10:57.999Z INFO  - c3c20db5b37e Downloading 39MB / 67MB
2025-11-17T17:10:58.118Z INFO  - cf1f560cc9e6 Downloading 45MB / 56MB
2025-11-17T17:10:58.299Z INFO  - cf1f560cc9e6 Downloading 46MB / 56MB
2025-11-17T17:10:58.300Z INFO  - 42ede7a6c55a Downloading 45MB / 111MB
2025-11-17T17:10:58.491Z INFO  - c3c20db5b37e Downloading 42MB / 67MB
2025-11-17T17:10:58.492Z INFO  - cf1f560cc9e6 Downloading 47MB / 56MB
2025-11-17T17:10:58.611Z INFO  - 42ede7a6c55a Downloading 45MB / 111MB
2025-11-17T17:10:58.874Z INFO  - 10ffc47270cd Extracting 1MB / 51MB
2025-11-17T17:10:58.882Z INFO  - c3c20db5b37e Downloading 45MB / 67MB
2025-11-17T17:10:59.207Z INFO  - cf1f560cc9e6 Downloading 50MB / 56MB
2025-11-17T17:10:59.245Z INFO  - 42ede7a6c55a Downloading 47MB / 111MB
2025-11-17T17:10:59.759Z INFO  - 10ffc47270cd Extracting 2MB / 51MB
2025-11-17T17:10:59.789Z INFO  - 42ede7a6c55a Downloading 47MB / 111MB
2025-11-17T17:10:59.908Z INFO  - cf1f560cc9e6 Downloading 51MB / 56MB
2025-11-17T17:11:00.160Z INFO  - 42ede7a6c55a Downloading 49MB / 111MB
2025-11-17T17:11:00.391Z INFO  - 42ede7a6c55a Downloading 49MB / 111MB
2025-11-17T17:11:00.491Z INFO  - c3c20db5b37e Downloading 47MB / 67MB
2025-11-17T17:11:00.730Z INFO  - cf1f560cc9e6 Downloading 53MB / 56MB
2025-11-17T17:11:00.911Z INFO  - c3c20db5b37e Downloading 48MB / 67MB
2025-11-17T17:11:01.033Z INFO  - 42ede7a6c55a Downloading 51MB / 111MB
2025-11-17T17:11:01.104Z INFO  - 10ffc47270cd Extracting 3MB / 51MB
2025-11-17T17:11:01.273Z INFO  - c3c20db5b37e Downloading 49MB / 67MB
2025-11-17T17:11:01.382Z INFO  - 10ffc47270cd Extracting 4MB / 51MB
2025-11-17T17:11:01.671Z INFO  - cf1f560cc9e6 Downloading 55MB / 56MB
2025-11-17T17:11:01.689Z INFO  - 42ede7a6c55a Downloading 52MB / 111MB
2025-11-17T17:11:02.244Z INFO  - c3c20db5b37e Downloading 50MB / 67MB
2025-11-17T17:11:02.252Z INFO  - cf1f560cc9e6 Downloading 56MB / 56MB
2025-11-17T17:11:02.715Z INFO  - 42ede7a6c55a Downloading 53MB / 111MB
2025-11-17T17:11:02.822Z INFO  - 42ede7a6c55a Downloading 54MB / 111MB
2025-11-17T17:11:02.822Z INFO  - cf1f560cc9e6 Verifying Checksum
2025-11-17T17:11:02.822Z INFO  - cf1f560cc9e6 Download complete
2025-11-17T17:11:02.982Z INFO  - 10ffc47270cd Extracting 5MB / 51MB
2025-11-17T17:11:02.994Z INFO  - c3c20db5b37e Downloading 51MB / 67MB
2025-11-17T17:11:03.355Z INFO  - 42ede7a6c55a Downloading 56MB / 111MB
2025-11-17T17:11:03.433Z INFO  - 42ede7a6c55a Downloading 56MB / 111MB
2025-11-17T17:11:03.714Z INFO  - c3c20db5b37e Downloading 54MB / 67MB
2025-11-17T17:11:03.758Z INFO  - c3c20db5b37e Downloading 55MB / 67MB
2025-11-17T17:11:03.898Z INFO  - 10ffc47270cd Extracting 7MB / 51MB
2025-11-17T17:11:04.167Z INFO  - 42ede7a6c55a Downloading 58MB / 111MB
2025-11-17T17:11:04.189Z INFO  - 42ede7a6c55a Downloading 58MB / 111MB
2025-11-17T17:11:04.752Z INFO  - 10ffc47270cd Extracting 8MB / 51MB
2025-11-17T17:11:04.752Z INFO  - c3c20db5b37e Downloading 58MB / 67MB
2025-11-17T17:11:04.770Z INFO  - 42ede7a6c55a Downloading 60MB / 111MB
2025-11-17T17:11:05.175Z INFO  - 10ffc47270cd Extracting 9MB / 51MB
2025-11-17T17:11:05.245Z INFO  - 42ede7a6c55a Downloading 61MB / 111MB
2025-11-17T17:11:05.286Z INFO  - c3c20db5b37e Downloading 60MB / 67MB
2025-11-17T17:11:05.595Z INFO  - 42ede7a6c55a Downloading 63MB / 111MB
2025-11-17T17:11:05.596Z INFO  - 10ffc47270cd Extracting 10MB / 51MB
2025-11-17T17:11:05.906Z INFO  - 10ffc47270cd Extracting 11MB / 51MB
2025-11-17T17:11:06.410Z INFO  - 42ede7a6c55a Downloading 64MB / 111MB
2025-11-17T17:11:06.559Z INFO  - 42ede7a6c55a Downloading 65MB / 111MB
2025-11-17T17:11:06.560Z INFO  - c3c20db5b37e Downloading 62MB / 67MB
2025-11-17T17:11:06.709Z INFO  - 10ffc47270cd Extracting 12MB / 51MB
2025-11-17T17:11:06.983Z INFO  - c3c20db5b37e Downloading 63MB / 67MB
2025-11-17T17:11:07.233Z INFO  - 10ffc47270cd Extracting 13MB / 51MB
2025-11-17T17:11:07.464Z INFO  - 42ede7a6c55a Downloading 67MB / 111MB
2025-11-17T17:11:07.605Z INFO  - c3c20db5b37e Downloading 66MB / 67MB
2025-11-17T17:11:07.605Z INFO  - 42ede7a6c55a Downloading 67MB / 111MB
2025-11-17T17:11:07.665Z INFO  - c3c20db5b37e Verifying Checksum
2025-11-17T17:11:07.666Z INFO  - c3c20db5b37e Download complete
2025-11-17T17:11:07.956Z INFO  - 42ede7a6c55a Downloading 70MB / 111MB
2025-11-17T17:11:08.267Z INFO  - 10ffc47270cd Extracting 15MB / 51MB
2025-11-17T17:11:08.731Z INFO  - 42ede7a6c55a Downloading 74MB / 111MB
2025-11-17T17:11:08.840Z INFO  - 10ffc47270cd Extracting 16MB / 51MB
2025-11-17T17:11:09.182Z INFO  - 10ffc47270cd Extracting 17MB / 51MB
2025-11-17T17:11:09.434Z INFO  - 10ffc47270cd Extracting 18MB / 51MB
2025-11-17T17:11:09.605Z INFO  - 42ede7a6c55a Downloading 76MB / 111MB
2025-11-17T17:11:09.715Z INFO  - 10ffc47270cd Extracting 19MB / 51MB
2025-11-17T17:11:10.620Z INFO  - 42ede7a6c55a Downloading 79MB / 111MB
2025-11-17T17:11:10.752Z INFO  - 10ffc47270cd Extracting 22MB / 51MB
2025-11-17T17:11:11.241Z INFO  - 42ede7a6c55a Downloading 80MB / 111MB
2025-11-17T17:11:11.521Z INFO  - 42ede7a6c55a Downloading 81MB / 111MB
2025-11-17T17:11:11.774Z INFO  - 10ffc47270cd Extracting 23MB / 51MB
2025-11-17T17:11:12.178Z INFO  - 42ede7a6c55a Downloading 82MB / 111MB
2025-11-17T17:11:12.205Z INFO  - 10ffc47270cd Extracting 24MB / 51MB
2025-11-17T17:11:13.277Z INFO  - 42ede7a6c55a Downloading 92MB / 111MB
2025-11-17T17:11:13.478Z INFO  - 10ffc47270cd Extracting 26MB / 51MB
2025-11-17T17:11:13.629Z INFO  - 42ede7a6c55a Downloading 94MB / 111MB
2025-11-17T17:11:13.772Z INFO  - 42ede7a6c55a Downloading 96MB / 111MB
2025-11-17T17:11:14.141Z INFO  - 42ede7a6c55a Downloading 98MB / 111MB
2025-11-17T17:11:14.605Z INFO  - 42ede7a6c55a Downloading 105MB / 111MB
2025-11-17T17:11:14.968Z INFO  - 42ede7a6c55a Downloading 107MB / 111MB
2025-11-17T17:11:15.087Z INFO  - 42ede7a6c55a Downloading 109MB / 111MB
2025-11-17T17:11:15.197Z INFO  - 10ffc47270cd Extracting 27MB / 51MB
2025-11-17T17:11:15.297Z INFO  - 42ede7a6c55a Verifying Checksum
2025-11-17T17:11:15.297Z INFO  - 42ede7a6c55a Download complete
2025-11-17T17:11:15.489Z INFO  - 10ffc47270cd Extracting 29MB / 51MB
2025-11-17T17:11:15.916Z INFO  - 10ffc47270cd Extracting 31MB / 51MB
2025-11-17T17:11:16.371Z INFO  - 10ffc47270cd Extracting 34MB / 51MB
2025-11-17T17:11:16.378Z INFO  - 10ffc47270cd Extracting 35MB / 51MB
2025-11-17T17:11:16.832Z INFO  - 10ffc47270cd Extracting 36MB / 51MB
2025-11-17T17:11:16.833Z INFO  - 10ffc47270cd Extracting 37MB / 51MB
2025-11-17T17:11:17.093Z INFO  - 10ffc47270cd Extracting 38MB / 51MB
2025-11-17T17:11:17.516Z INFO  - 10ffc47270cd Extracting 39MB / 51MB
2025-11-17T17:11:18.019Z INFO  - 10ffc47270cd Extracting 40MB / 51MB
2025-11-17T17:11:18.552Z INFO  - 10ffc47270cd Extracting 41MB / 51MB
2025-11-17T17:11:19.616Z INFO  - 10ffc47270cd Extracting 44MB / 51MB
2025-11-17T17:11:20.010Z INFO  - 10ffc47270cd Extracting 45MB / 51MB
2025-11-17T17:11:20.674Z INFO  - 10ffc47270cd Extracting 46MB / 51MB
2025-11-17T17:11:20.974Z INFO  - 10ffc47270cd Extracting 47MB / 51MB
2025-11-17T17:11:21.407Z INFO  - 10ffc47270cd Extracting 48MB / 51MB
2025-11-17T17:11:22.733Z INFO  - 10ffc47270cd Extracting 49MB / 51MB
2025-11-17T17:11:27.246Z INFO  - 10ffc47270cd Extracting 50MB / 51MB
2025-11-17T17:11:28.212Z INFO  - 10ffc47270cd Extracting 51MB / 51MB
2025-11-17T17:11:28.311Z INFO  - 10ffc47270cd Pull complete
2025-11-17T17:11:29.103Z INFO  - babe2e3e3c71 Extracting 1MB / 30MB
2025-11-17T17:11:29.266Z INFO  - babe2e3e3c71 Extracting 1MB / 30MB
2025-11-17T17:11:30.238Z INFO  - babe2e3e3c71 Extracting 3MB / 30MB
2025-11-17T17:11:30.238Z INFO  - babe2e3e3c71 Extracting 3MB / 30MB
2025-11-17T17:11:30.238Z INFO  - babe2e3e3c71 Extracting 4MB / 30MB
2025-11-17T17:11:30.238Z INFO  - babe2e3e3c71 Extracting 5MB / 30MB
2025-11-17T17:11:30.331Z INFO  - babe2e3e3c71 Extracting 5MB / 30MB
2025-11-17T17:11:30.742Z INFO  - babe2e3e3c71 Extracting 6MB / 30MB
2025-11-17T17:11:31.265Z INFO  - babe2e3e3c71 Extracting 7MB / 30MB
2025-11-17T17:11:31.404Z INFO  - babe2e3e3c71 Extracting 8MB / 30MB
2025-11-17T17:11:31.505Z INFO  - babe2e3e3c71 Extracting 9MB / 30MB
2025-11-17T17:11:33.252Z INFO  - babe2e3e3c71 Extracting 14MB / 30MB
2025-11-17T17:11:33.413Z INFO  - babe2e3e3c71 Extracting 15MB / 30MB
2025-11-17T17:11:33.887Z INFO  - babe2e3e3c71 Extracting 16MB / 30MB
2025-11-17T17:11:34.338Z INFO  - babe2e3e3c71 Extracting 19MB / 30MB
2025-11-17T17:11:34.632Z INFO  - babe2e3e3c71 Extracting 20MB / 30MB
2025-11-17T17:11:35.233Z INFO  - babe2e3e3c71 Extracting 22MB / 30MB
2025-11-17T17:11:35.704Z INFO  - babe2e3e3c71 Extracting 24MB / 30MB
2025-11-17T17:11:35.704Z INFO  - babe2e3e3c71 Extracting 24MB / 30MB
2025-11-17T17:11:35.845Z INFO  - babe2e3e3c71 Extracting 25MB / 30MB
2025-11-17T17:11:36.106Z INFO  - babe2e3e3c71 Extracting 25MB / 30MB
2025-11-17T17:11:36.276Z INFO  - babe2e3e3c71 Extracting 26MB / 30MB
2025-11-17T17:11:36.586Z INFO  - babe2e3e3c71 Extracting 27MB / 30MB
2025-11-17T17:11:36.730Z INFO  - babe2e3e3c71 Extracting 28MB / 30MB
2025-11-17T17:11:36.879Z INFO  - babe2e3e3c71 Extracting 28MB / 30MB
2025-11-17T17:11:37.462Z INFO  - babe2e3e3c71 Extracting 30MB / 30MB
2025-11-17T17:11:37.893Z INFO  - babe2e3e3c71 Extracting 30MB / 30MB
2025-11-17T17:11:38.085Z INFO  - babe2e3e3c71 Pull complete
2025-11-17T17:11:38.095Z INFO  - 4f4fb700ef54 Extracting 32B / 32B
2025-11-17T17:11:38.155Z INFO  - 4f4fb700ef54 Extracting 32B / 32B
2025-11-17T17:11:38.224Z INFO  - 4f4fb700ef54 Pull complete
2025-11-17T17:11:38.234Z INFO  - f7943b878c5a Extracting 386B / 386B
2025-11-17T17:11:38.354Z INFO  - f7943b878c5a Extracting 386B / 386B
2025-11-17T17:11:38.435Z INFO  - f7943b878c5a Pull complete
2025-11-17T17:11:38.444Z INFO  - bf91c9135236 Extracting 131B / 131B
2025-11-17T17:11:38.466Z INFO  - bf91c9135236 Extracting 131B / 131B
2025-11-17T17:11:38.496Z INFO  - bf91c9135236 Pull complete
2025-11-17T17:11:38.506Z INFO  - a49b20bb820c Extracting 32KB / 250KB
2025-11-17T17:11:38.576Z INFO  - a49b20bb820c Extracting 250KB / 250KB
2025-11-17T17:11:38.607Z INFO  - a49b20bb820c Pull complete
2025-11-17T17:11:38.616Z INFO  - 2019780686b0 Extracting 2KB / 2KB
2025-11-17T17:11:38.657Z INFO  - 2019780686b0 Extracting 2KB / 2KB
2025-11-17T17:11:38.677Z INFO  - 2019780686b0 Pull complete
2025-11-17T17:11:39.659Z INFO  - ccbe65ed435b Extracting 384KB / 433KB
2025-11-17T17:11:39.760Z INFO  - ccbe65ed435b Extracting 433KB / 433KB
2025-11-17T17:11:39.802Z INFO  - ccbe65ed435b Extracting 433KB / 433KB
2025-11-17T17:11:39.912Z INFO  - ccbe65ed435b Pull complete
2025-11-17T17:11:39.922Z INFO  - b0399d4f1093 Extracting 187B / 187B
2025-11-17T17:11:40.000Z INFO  - b0399d4f1093 Extracting 187B / 187B
2025-11-17T17:11:40.092Z INFO  - b0399d4f1093 Pull complete
2025-11-17T17:11:40.103Z INFO  - 4296d9e49093 Extracting 32KB / 1MB
2025-11-17T17:11:40.395Z INFO  - 4296d9e49093 Extracting 1MB / 1MB
2025-11-17T17:11:40.528Z INFO  - 4296d9e49093 Pull complete
2025-11-17T17:11:40.540Z INFO  - f501553e1eeb Extracting 32KB / 39KB
2025-11-17T17:11:41.000Z INFO  - f501553e1eeb Extracting 39KB / 39KB
2025-11-17T17:11:41.092Z INFO  - f501553e1eeb Pull complete
2025-11-17T17:11:41.102Z INFO  - 67c9ba2ac3e9 Extracting 12KB / 12KB
2025-11-17T17:11:41.242Z INFO  - 67c9ba2ac3e9 Extracting 12KB / 12KB
2025-11-17T17:11:41.435Z INFO  - 67c9ba2ac3e9 Pull complete
2025-11-17T17:11:41.454Z INFO  - f87a5dc3ab54 Extracting 14KB / 14KB
2025-11-17T17:11:41.655Z INFO  - f87a5dc3ab54 Extracting 14KB / 14KB
2025-11-17T17:11:41.704Z INFO  - f87a5dc3ab54 Pull complete
2025-11-17T17:11:42.088Z INFO  - cf1f560cc9e6 Extracting 544KB / 56MB
2025-11-17T17:11:42.599Z INFO  - cf1f560cc9e6 Extracting 2MB / 56MB
2025-11-17T17:11:42.891Z INFO  - cf1f560cc9e6 Extracting 3MB / 56MB
2025-11-17T17:11:43.735Z INFO  - cf1f560cc9e6 Extracting 6MB / 56MB
2025-11-17T17:11:43.735Z INFO  - cf1f560cc9e6 Extracting 7MB / 56MB
2025-11-17T17:11:44.088Z INFO  - cf1f560cc9e6 Extracting 9MB / 56MB
2025-11-17T17:11:45.533Z INFO  - cf1f560cc9e6 Extracting 16MB / 56MB
2025-11-17T17:11:45.836Z INFO  - cf1f560cc9e6 Extracting 17MB / 56MB
2025-11-17T17:11:46.121Z INFO  - cf1f560cc9e6 Extracting 18MB / 56MB
2025-11-17T17:11:46.229Z INFO  - cf1f560cc9e6 Extracting 19MB / 56MB
2025-11-17T17:11:46.994Z INFO  - cf1f560cc9e6 Extracting 21MB / 56MB
2025-11-17T17:11:47.585Z INFO  - cf1f560cc9e6 Extracting 22MB / 56MB
2025-11-17T17:11:47.988Z INFO  - cf1f560cc9e6 Extracting 23MB / 56MB
2025-11-17T17:11:48.280Z INFO  - cf1f560cc9e6 Extracting 24MB / 56MB
2025-11-17T17:11:49.133Z INFO  - cf1f560cc9e6 Extracting 26MB / 56MB
2025-11-17T17:11:49.644Z INFO  - cf1f560cc9e6 Extracting 29MB / 56MB
2025-11-17T17:11:50.068Z INFO  - cf1f560cc9e6 Extracting 31MB / 56MB
2025-11-17T17:11:50.438Z INFO  - cf1f560cc9e6 Extracting 33MB / 56MB
2025-11-17T17:11:50.610Z INFO  - cf1f560cc9e6 Extracting 34MB / 56MB
2025-11-17T17:11:50.863Z INFO  - cf1f560cc9e6 Extracting 35MB / 56MB
2025-11-17T17:11:51.475Z INFO  - cf1f560cc9e6 Extracting 37MB / 56MB
2025-11-17T17:11:51.847Z INFO  - cf1f560cc9e6 Extracting 38MB / 56MB
2025-11-17T17:11:53.033Z INFO  - cf1f560cc9e6 Extracting 41MB / 56MB
2025-11-17T17:11:53.364Z INFO  - cf1f560cc9e6 Extracting 42MB / 56MB
2025-11-17T17:11:53.925Z INFO  - cf1f560cc9e6 Extracting 43MB / 56MB
2025-11-17T17:11:54.047Z INFO  - cf1f560cc9e6 Extracting 44MB / 56MB
2025-11-17T17:11:54.340Z INFO  - cf1f560cc9e6 Extracting 45MB / 56MB
2025-11-17T17:11:54.703Z INFO  - cf1f560cc9e6 Extracting 47MB / 56MB
2025-11-17T17:11:55.244Z INFO  - cf1f560cc9e6 Extracting 49MB / 56MB
2025-11-17T17:11:55.696Z INFO  - cf1f560cc9e6 Extracting 50MB / 56MB
2025-11-17T17:11:56.006Z INFO  - cf1f560cc9e6 Extracting 51MB / 56MB
2025-11-17T17:11:56.177Z INFO  - cf1f560cc9e6 Extracting 52MB / 56MB
2025-11-17T17:11:56.588Z INFO  - cf1f560cc9e6 Extracting 53MB / 56MB
2025-11-17T17:11:57.210Z INFO  - cf1f560cc9e6 Extracting 54MB / 56MB
2025-11-17T17:11:57.472Z INFO  - cf1f560cc9e6 Extracting 55MB / 56MB
2025-11-17T17:11:57.592Z INFO  - cf1f560cc9e6 Extracting 56MB / 56MB
2025-11-17T17:11:58.084Z INFO  - cf1f560cc9e6 Extracting 56MB / 56MB
2025-11-17T17:11:58.397Z INFO  - cf1f560cc9e6 Pull complete
2025-11-17T17:11:58.435Z INFO  - 614898d2f6e8 Extracting 32KB / 1MB
2025-11-17T17:11:58.710Z INFO  - 614898d2f6e8 Extracting 832KB / 1MB
2025-11-17T17:11:58.749Z INFO  - 614898d2f6e8 Extracting 1MB / 1MB
2025-11-17T17:11:58.810Z INFO  - 614898d2f6e8 Pull complete
2025-11-17T17:11:58.818Z INFO  - 67d8ea62776d Extracting 32KB / 39KB
2025-11-17T17:11:59.039Z INFO  - 67d8ea62776d Extracting 39KB / 39KB
2025-11-17T17:11:59.041Z INFO  - 67d8ea62776d Extracting 39KB / 39KB
2025-11-17T17:11:59.129Z INFO  - 67d8ea62776d Pull complete
2025-11-17T17:11:59.132Z INFO  - a8698dba3c16 Extracting 12KB / 12KB
2025-11-17T17:11:59.270Z INFO  - a8698dba3c16 Extracting 12KB / 12KB
2025-11-17T17:11:59.422Z INFO  - a8698dba3c16 Pull complete
2025-11-17T17:11:59.431Z INFO  - 4223ad926969 Extracting 14KB / 14KB
2025-11-17T17:11:59.562Z INFO  - 4223ad926969 Extracting 14KB / 14KB
2025-11-17T17:11:59.702Z INFO  - 4223ad926969 Pull complete
2025-11-17T17:11:59.786Z INFO  - d17bda710013 Extracting 1KB / 1KB
2025-11-17T17:11:59.822Z INFO  - d17bda710013 Extracting 1KB / 1KB
2025-11-17T17:11:59.832Z INFO  - d17bda710013 Pull complete
2025-11-17T17:11:59.896Z INFO  - ca4cad3a1f11 Extracting 2KB / 2KB
2025-11-17T17:11:59.925Z INFO  - ca4cad3a1f11 Extracting 2KB / 2KB
2025-11-17T17:11:59.943Z INFO  - ca4cad3a1f11 Pull complete
2025-11-17T17:11:59.984Z INFO  - 4dab2df7fe81 Extracting 508B / 508B
2025-11-17T17:12:00.005Z INFO  - 4dab2df7fe81 Extracting 508B / 508B
2025-11-17T17:12:00.095Z INFO  - 4dab2df7fe81 Pull complete
2025-11-17T17:12:00.435Z INFO  - e5c3f3249afb Extracting 527B / 527B
2025-11-17T17:12:00.546Z INFO  - e5c3f3249afb Extracting 527B / 527B
2025-11-17T17:12:00.725Z INFO  - e5c3f3249afb Pull complete
2025-11-17T17:12:00.926Z INFO  - 6df8253f371a Extracting 527B / 527B
2025-11-17T17:12:00.976Z INFO  - 6df8253f371a Extracting 527B / 527B
2025-11-17T17:12:01.008Z INFO  - 6df8253f371a Pull complete
2025-11-17T17:12:01.019Z INFO  - 219dc8274a65 Extracting 2KB / 2KB
2025-11-17T17:12:01.037Z INFO  - 219dc8274a65 Extracting 2KB / 2KB
2025-11-17T17:12:01.096Z INFO  - 219dc8274a65 Pull complete
2025-11-17T17:12:02.021Z INFO  - 42ede7a6c55a Extracting 544KB / 111MB
2025-11-17T17:12:02.614Z INFO  - 42ede7a6c55a Extracting 1MB / 111MB
2025-11-17T17:12:03.779Z INFO  - 42ede7a6c55a Extracting 2MB / 111MB
2025-11-17T17:12:03.959Z INFO  - 42ede7a6c55a Extracting 3MB / 111MB
2025-11-17T17:12:05.277Z INFO  - 42ede7a6c55a Extracting 4MB / 111MB
2025-11-17T17:12:07.127Z INFO  - 42ede7a6c55a Extracting 7MB / 111MB
2025-11-17T17:12:07.952Z INFO  - 42ede7a6c55a Extracting 9MB / 111MB
2025-11-17T17:12:08.966Z INFO  - 42ede7a6c55a Extracting 11MB / 111MB
2025-11-17T17:12:09.265Z INFO  - 42ede7a6c55a Extracting 12MB / 111MB
2025-11-17T17:12:10.491Z INFO  - 42ede7a6c55a Extracting 14MB / 111MB
2025-11-17T17:12:11.981Z INFO  - 42ede7a6c55a Extracting 15MB / 111MB
2025-11-17T17:12:12.231Z INFO  - 42ede7a6c55a Extracting 16MB / 111MB
2025-11-17T17:12:13.588Z INFO  - 42ede7a6c55a Extracting 20MB / 111MB
2025-11-17T17:12:14.683Z INFO  - 42ede7a6c55a Extracting 22MB / 111MB
2025-11-17T17:12:14.683Z INFO  - 42ede7a6c55a Extracting 23MB / 111MB
2025-11-17T17:12:15.557Z INFO  - 42ede7a6c55a Extracting 25MB / 111MB
2025-11-17T17:12:16.061Z INFO  - 42ede7a6c55a Extracting 27MB / 111MB
2025-11-17T17:12:17.199Z INFO  - 42ede7a6c55a Extracting 29MB / 111MB
2025-11-17T17:12:17.485Z INFO  - 42ede7a6c55a Extracting 31MB / 111MB
2025-11-17T17:12:18.339Z INFO  - 42ede7a6c55a Extracting 34MB / 111MB
2025-11-17T17:12:18.540Z INFO  - 42ede7a6c55a Extracting 36MB / 111MB
2025-11-17T17:12:18.732Z INFO  - 42ede7a6c55a Extracting 36MB / 111MB
2025-11-17T17:12:19.143Z INFO  - 42ede7a6c55a Extracting 38MB / 111MB
2025-11-17T17:12:19.655Z INFO  - 42ede7a6c55a Extracting 40MB / 111MB
2025-11-17T17:12:19.755Z INFO  - 42ede7a6c55a Extracting 40MB / 111MB
2025-11-17T17:12:20.722Z INFO  - 42ede7a6c55a Extracting 42MB / 111MB
2025-11-17T17:12:20.722Z INFO  - 42ede7a6c55a Extracting 43MB / 111MB
2025-11-17T17:12:20.893Z INFO  - 42ede7a6c55a Extracting 45MB / 111MB
2025-11-17T17:12:21.052Z INFO  - 42ede7a6c55a Extracting 45MB / 111MB
2025-11-17T17:12:21.444Z INFO  - 42ede7a6c55a Extracting 47MB / 111MB
2025-11-17T17:12:22.280Z INFO  - 42ede7a6c55a Extracting 49MB / 111MB
2025-11-17T17:12:23.064Z INFO  - 42ede7a6c55a Extracting 51MB / 111MB
2025-11-17T17:12:23.818Z INFO  - 42ede7a6c55a Extracting 53MB / 111MB
2025-11-17T17:12:23.865Z INFO  - 42ede7a6c55a Extracting 54MB / 111MB
2025-11-17T17:12:25.012Z INFO  - 42ede7a6c55a Extracting 56MB / 111MB
2025-11-17T17:12:25.233Z INFO  - 42ede7a6c55a Extracting 56MB / 111MB
2025-11-17T17:12:27.103Z INFO  - 42ede7a6c55a Extracting 58MB / 111MB
2025-11-17T17:12:29.814Z INFO  - 42ede7a6c55a Extracting 58MB / 111MB
2025-11-17T17:12:41.008Z INFO  - 42ede7a6c55a Extracting 60MB / 111MB
2025-11-17T17:12:41.217Z INFO  - 42ede7a6c55a Extracting 61MB / 111MB
2025-11-17T17:12:42.212Z INFO  - 42ede7a6c55a Extracting 62MB / 111MB
2025-11-17T17:12:43.087Z INFO  - 42ede7a6c55a Extracting 63MB / 111MB
2025-11-17T17:12:45.571Z INFO  - 42ede7a6c55a Extracting 64MB / 111MB
2025-11-17T17:12:45.810Z INFO  - 42ede7a6c55a Extracting 65MB / 111MB
2025-11-17T17:12:48.273Z INFO  - 42ede7a6c55a Extracting 68MB / 111MB
2025-11-17T17:12:48.644Z INFO  - 42ede7a6c55a Extracting 69MB / 111MB
2025-11-17T17:12:49.672Z INFO  - 42ede7a6c55a Extracting 72MB / 111MB
2025-11-17T17:12:51.660Z INFO  - 42ede7a6c55a Extracting 73MB / 111MB
2025-11-17T17:12:51.891Z INFO  - 42ede7a6c55a Extracting 74MB / 111MB
2025-11-17T17:12:53.763Z INFO  - 42ede7a6c55a Extracting 75MB / 111MB
2025-11-17T17:12:54.003Z INFO  - 42ede7a6c55a Extracting 76MB / 111MB
2025-11-17T17:12:56.146Z INFO  - 42ede7a6c55a Extracting 78MB / 111MB
2025-11-17T17:12:56.656Z INFO  - 42ede7a6c55a Extracting 79MB / 111MB
2025-11-17T17:12:58.315Z INFO  - 42ede7a6c55a Extracting 80MB / 111MB
2025-11-17T17:12:58.817Z INFO  - 42ede7a6c55a Extracting 81MB / 111MB
2025-11-17T17:12:59.220Z INFO  - 42ede7a6c55a Extracting 82MB / 111MB
2025-11-17T17:13:00.147Z INFO  - 42ede7a6c55a Extracting 85MB / 111MB
2025-11-17T17:13:00.348Z INFO  - 42ede7a6c55a Extracting 85MB / 111MB
2025-11-17T17:13:01.714Z INFO  - 42ede7a6c55a Extracting 87MB / 111MB
2025-11-17T17:13:01.915Z INFO  - 42ede7a6c55a Extracting 87MB / 111MB
2025-11-17T17:13:03.080Z INFO  - 42ede7a6c55a Extracting 89MB / 111MB
2025-11-17T17:13:03.412Z INFO  - 42ede7a6c55a Extracting 90MB / 111MB
2025-11-17T17:13:04.094Z INFO  - 42ede7a6c55a Extracting 91MB / 111MB
2025-11-17T17:13:04.508Z INFO  - 42ede7a6c55a Extracting 92MB / 111MB
2025-11-17T17:13:05.584Z INFO  - 42ede7a6c55a Extracting 94MB / 111MB
2025-11-17T17:13:05.907Z INFO  - 42ede7a6c55a Extracting 94MB / 111MB
2025-11-17T17:13:06.972Z INFO  - 42ede7a6c55a Extracting 96MB / 111MB
2025-11-17T17:13:07.867Z INFO  - 42ede7a6c55a Extracting 98MB / 111MB
2025-11-17T17:13:08.006Z INFO  - 42ede7a6c55a Extracting 98MB / 111MB
2025-11-17T17:13:10.097Z INFO  - 42ede7a6c55a Extracting 100MB / 111MB
2025-11-17T17:13:10.750Z INFO  - 42ede7a6c55a Extracting 101MB / 111MB
2025-11-17T17:13:12.560Z INFO  - 42ede7a6c55a Extracting 103MB / 111MB
2025-11-17T17:13:12.791Z INFO  - 42ede7a6c55a Extracting 103MB / 111MB
2025-11-17T17:13:15.255Z INFO  - 42ede7a6c55a Extracting 105MB / 111MB
2025-11-17T17:13:17.515Z INFO  - 42ede7a6c55a Extracting 107MB / 111MB
2025-11-17T17:13:18.378Z INFO  - 42ede7a6c55a Extracting 107MB / 111MB
2025-11-17T17:13:19.785Z INFO  - 42ede7a6c55a Extracting 109MB / 111MB
2025-11-17T17:13:20.519Z INFO  - 42ede7a6c55a Extracting 109MB / 111MB
2025-11-17T17:13:21.835Z INFO  - 42ede7a6c55a Extracting 111MB / 111MB
2025-11-17T17:13:22.537Z INFO  - 42ede7a6c55a Pull complete
2025-11-17T17:13:22.538Z INFO  - fb65f28b112b Extracting 4KB / 4KB
2025-11-17T17:13:22.628Z INFO  - fb65f28b112b Extracting 4KB / 4KB
2025-11-17T17:13:22.740Z INFO  - fb65f28b112b Pull complete
2025-11-17T17:13:23.283Z INFO  - a40510b545e4 Extracting 768KB / 36MB
2025-11-17T17:13:23.543Z INFO  - a40510b545e4 Extracting 1MB / 36MB
2025-11-17T17:13:24.477Z INFO  - a40510b545e4 Extracting 2MB / 36MB
2025-11-17T17:13:24.882Z INFO  - a40510b545e4 Extracting 3MB / 36MB
2025-11-17T17:13:25.494Z INFO  - a40510b545e4 Extracting 3MB / 36MB
2025-11-17T17:13:26.610Z INFO  - a40510b545e4 Extracting 4MB / 36MB
2025-11-17T17:13:27.998Z INFO  - a40510b545e4 Extracting 5MB / 36MB
2025-11-17T17:13:29.877Z INFO  - a40510b545e4 Extracting 6MB / 36MB
2025-11-17T17:13:30.120Z INFO  - a40510b545e4 Extracting 6MB / 36MB
2025-11-17T17:13:30.399Z INFO  - a40510b545e4 Extracting 7MB / 36MB
2025-11-17T17:13:30.883Z INFO  - a40510b545e4 Extracting 8MB / 36MB
2025-11-17T17:13:30.972Z INFO  - a40510b545e4 Extracting 9MB / 36MB
2025-11-17T17:13:31.445Z INFO  - a40510b545e4 Extracting 9MB / 36MB
2025-11-17T17:13:31.687Z INFO  - a40510b545e4 Extracting 10MB / 36MB
2025-11-17T17:13:31.899Z INFO  - a40510b545e4 Extracting 11MB / 36MB
2025-11-17T17:13:32.178Z INFO  - a40510b545e4 Extracting 12MB / 36MB
2025-11-17T17:13:32.683Z INFO  - a40510b545e4 Extracting 13MB / 36MB
2025-11-17T17:13:33.294Z INFO  - a40510b545e4 Extracting 14MB / 36MB
2025-11-17T17:13:33.344Z INFO  - a40510b545e4 Extracting 15MB / 36MB
2025-11-17T17:13:33.748Z INFO  - a40510b545e4 Extracting 15MB / 36MB
2025-11-17T17:13:34.280Z INFO  - a40510b545e4 Extracting 16MB / 36MB
2025-11-17T17:13:34.775Z INFO  - a40510b545e4 Extracting 17MB / 36MB
2025-11-17T17:13:35.086Z INFO  - a40510b545e4 Extracting 18MB / 36MB
2025-11-17T17:13:35.249Z INFO  - a40510b545e4 Extracting 18MB / 36MB
2025-11-17T17:13:36.455Z INFO  - a40510b545e4 Extracting 20MB / 36MB
2025-11-17T17:13:36.737Z INFO  - a40510b545e4 Extracting 21MB / 36MB
2025-11-17T17:13:36.855Z INFO  - a40510b545e4 Extracting 22MB / 36MB
2025-11-17T17:13:37.529Z INFO  - a40510b545e4 Extracting 24MB / 36MB
2025-11-17T17:13:38.374Z INFO  - a40510b545e4 Extracting 26MB / 36MB
2025-11-17T17:13:38.605Z INFO  - a40510b545e4 Extracting 27MB / 36MB
2025-11-17T17:13:39.419Z INFO  - a40510b545e4 Extracting 28MB / 36MB
2025-11-17T17:13:39.648Z INFO  - a40510b545e4 Extracting 28MB / 36MB
2025-11-17T17:13:40.897Z INFO  - a40510b545e4 Extracting 29MB / 36MB
2025-11-17T17:13:41.295Z INFO  - a40510b545e4 Extracting 30MB / 36MB
2025-11-17T17:13:42.760Z INFO  - a40510b545e4 Extracting 32MB / 36MB
2025-11-17T17:13:43.748Z INFO  - a40510b545e4 Extracting 33MB / 36MB
2025-11-17T17:13:44.230Z INFO  - a40510b545e4 Extracting 34MB / 36MB
2025-11-17T17:13:44.752Z INFO  - a40510b545e4 Extracting 34MB / 36MB
2025-11-17T17:13:45.827Z INFO  - a40510b545e4 Extracting 35MB / 36MB
2025-11-17T17:13:47.787Z INFO  - a40510b545e4 Extracting 36MB / 36MB
2025-11-17T17:13:48.539Z INFO  - a40510b545e4 Extracting 36MB / 36MB
2025-11-17T17:13:48.692Z INFO  - a40510b545e4 Pull complete
2025-11-17T17:13:49.787Z INFO  - 6e80b76a2230 Extracting 1MB / 36MB
2025-11-17T17:13:51.737Z INFO  - 6e80b76a2230 Extracting 4MB / 36MB
2025-11-17T17:13:52.379Z INFO  - 6e80b76a2230 Extracting 6MB / 36MB
2025-11-17T17:13:52.935Z INFO  - 6e80b76a2230 Extracting 6MB / 36MB
2025-11-17T17:13:54.617Z INFO  - 6e80b76a2230 Extracting 7MB / 36MB
2025-11-17T17:13:55.980Z INFO  - 6e80b76a2230 Extracting 8MB / 36MB
2025-11-17T17:13:56.571Z INFO  - 6e80b76a2230 Extracting 9MB / 36MB
2025-11-17T17:13:57.306Z INFO  - 6e80b76a2230 Extracting 9MB / 36MB
2025-11-17T17:13:57.967Z INFO  - 6e80b76a2230 Extracting 10MB / 36MB
2025-11-17T17:13:59.133Z INFO  - 6e80b76a2230 Extracting 11MB / 36MB
2025-11-17T17:13:59.736Z INFO  - 6e80b76a2230 Extracting 12MB / 36MB
2025-11-17T17:13:59.736Z INFO  - 6e80b76a2230 Extracting 12MB / 36MB
2025-11-17T17:13:59.786Z INFO  - 6e80b76a2230 Extracting 13MB / 36MB
2025-11-17T17:13:59.917Z INFO  - 6e80b76a2230 Extracting 13MB / 36MB
2025-11-17T17:14:00.428Z INFO  - 6e80b76a2230 Extracting 14MB / 36MB
2025-11-17T17:14:01.756Z INFO  - 6e80b76a2230 Extracting 16MB / 36MB
2025-11-17T17:14:02.689Z INFO  - 6e80b76a2230 Extracting 16MB / 36MB
2025-11-17T17:14:03.393Z INFO  - 6e80b76a2230 Extracting 17MB / 36MB
2025-11-17T17:14:04.035Z INFO  - 6e80b76a2230 Extracting 18MB / 36MB
2025-11-17T17:14:05.563Z INFO  - 6e80b76a2230 Extracting 19MB / 36MB
2025-11-17T17:14:06.601Z INFO  - 6e80b76a2230 Extracting 19MB / 36MB
2025-11-17T17:14:08.372Z INFO  - 6e80b76a2230 Extracting 33MB / 36MB
2025-11-17T17:14:08.643Z INFO  - 6e80b76a2230 Extracting 35MB / 36MB
2025-11-17T17:14:08.784Z INFO  - 6e80b76a2230 Extracting 36MB / 36MB
2025-11-17T17:14:09.085Z INFO  - 6e80b76a2230 Pull complete
2025-11-17T17:14:09.579Z INFO  - 532e77ac237d Extracting 1MB / 5MB
2025-11-17T17:14:09.821Z INFO  - 532e77ac237d Extracting 1MB / 5MB
2025-11-17T17:14:10.272Z INFO  - 532e77ac237d Extracting 4MB / 5MB
2025-11-17T17:14:10.425Z INFO  - 532e77ac237d Extracting 5MB / 5MB
2025-11-17T17:14:10.564Z INFO  - 532e77ac237d Pull complete
2025-11-17T17:14:11.007Z INFO  - c3c20db5b37e Extracting 544KB / 67MB
2025-11-17T17:14:13.972Z INFO  - c3c20db5b37e Extracting 4MB / 67MB
2025-11-17T17:14:14.203Z INFO  - c3c20db5b37e Extracting 5MB / 67MB
2025-11-17T17:14:14.204Z INFO  - c3c20db5b37e Extracting 6MB / 67MB
2025-11-17T17:14:15.209Z INFO  - c3c20db5b37e Extracting 10MB / 67MB
2025-11-17T17:14:15.702Z INFO  - c3c20db5b37e Extracting 12MB / 67MB
2025-11-17T17:14:15.984Z INFO  - c3c20db5b37e Extracting 16MB / 67MB
2025-11-17T17:14:16.780Z INFO  - c3c20db5b37e Extracting 18MB / 67MB
2025-11-17T17:14:17.159Z INFO  - c3c20db5b37e Extracting 19MB / 67MB
2025-11-17T17:14:17.732Z INFO  - c3c20db5b37e Extracting 20MB / 67MB
2025-11-17T17:14:18.144Z INFO  - c3c20db5b37e Extracting 21MB / 67MB
2025-11-17T17:14:18.255Z INFO  - c3c20db5b37e Extracting 22MB / 67MB
2025-11-17T17:14:18.487Z INFO  - c3c20db5b37e Extracting 23MB / 67MB
2025-11-17T17:14:19.009Z INFO  - c3c20db5b37e Extracting 24MB / 67MB
2025-11-17T17:14:19.122Z INFO  - c3c20db5b37e Extracting 26MB / 67MB
2025-11-17T17:14:19.715Z INFO  - c3c20db5b37e Extracting 27MB / 67MB
2025-11-17T17:14:19.956Z INFO  - c3c20db5b37e Extracting 28MB / 67MB
2025-11-17T17:14:21.663Z INFO  - c3c20db5b37e Extracting 34MB / 67MB
2025-11-17T17:14:23.091Z INFO  - c3c20db5b37e Extracting 37MB / 67MB
2025-11-17T17:14:23.142Z INFO  - c3c20db5b37e Extracting 38MB / 67MB
2025-11-17T17:14:23.143Z INFO  - c3c20db5b37e Extracting 39MB / 67MB
2025-11-17T17:14:23.606Z INFO  - c3c20db5b37e Extracting 39MB / 67MB
2025-11-17T17:14:24.209Z INFO  - c3c20db5b37e Extracting 40MB / 67MB
2025-11-17T17:14:24.692Z INFO  - c3c20db5b37e Extracting 41MB / 67MB
2025-11-17T17:14:25.605Z INFO  - c3c20db5b37e Extracting 42MB / 67MB
2025-11-17T17:14:26.479Z INFO  - c3c20db5b37e Extracting 43MB / 67MB
2025-11-17T17:14:27.315Z INFO  - c3c20db5b37e Extracting 45MB / 67MB
2025-11-17T17:14:28.965Z INFO  - c3c20db5b37e Extracting 46MB / 67MB
2025-11-17T17:14:29.748Z INFO  - c3c20db5b37e Extracting 47MB / 67MB
2025-11-17T17:14:30.243Z INFO  - c3c20db5b37e Extracting 48MB / 67MB
2025-11-17T17:14:30.793Z INFO  - c3c20db5b37e Extracting 49MB / 67MB
2025-11-17T17:14:31.084Z INFO  - c3c20db5b37e Extracting 50MB / 67MB
2025-11-17T17:14:31.588Z INFO  - c3c20db5b37e Extracting 51MB / 67MB
2025-11-17T17:14:32.272Z INFO  - c3c20db5b37e Extracting 52MB / 67MB
2025-11-17T17:14:33.036Z INFO  - c3c20db5b37e Extracting 53MB / 67MB
2025-11-17T17:14:33.306Z INFO  - c3c20db5b37e Extracting 54MB / 67MB
2025-11-17T17:14:33.567Z INFO  - c3c20db5b37e Extracting 54MB / 67MB
2025-11-17T17:14:33.908Z INFO  - c3c20db5b37e Extracting 55MB / 67MB
2025-11-17T17:14:34.501Z INFO  - c3c20db5b37e Extracting 57MB / 67MB
2025-11-17T17:14:34.863Z INFO  - c3c20db5b37e Extracting 61MB / 67MB
2025-11-17T17:14:36.375Z INFO  - c3c20db5b37e Extracting 63MB / 67MB
2025-11-17T17:14:36.746Z INFO  - c3c20db5b37e Extracting 64MB / 67MB
2025-11-17T17:14:37.169Z INFO  - c3c20db5b37e Extracting 65MB / 67MB
2025-11-17T17:14:37.822Z INFO  - c3c20db5b37e Extracting 66MB / 67MB
2025-11-17T17:14:38.092Z INFO  - c3c20db5b37e Extracting 66MB / 67MB
2025-11-17T17:14:39.822Z INFO  - c3c20db5b37e Extracting 67MB / 67MB
2025-11-17T17:14:40.044Z INFO  - c3c20db5b37e Pull complete
2025-11-17T17:14:40.074Z INFO  - 765fc3fc3afc Extracting 1KB / 1KB
2025-11-17T17:14:40.196Z INFO  - 765fc3fc3afc Extracting 1KB / 1KB
2025-11-17T17:14:40.908Z INFO  - 765fc3fc3afc Pull complete
2025-11-17T17:14:41.007Z INFO  - 6b4c2adab45b Extracting 1KB / 1KB
2025-11-17T17:14:41.199Z INFO  - 6b4c2adab45b Extracting 1KB / 1KB
2025-11-17T17:14:41.411Z INFO  - 6b4c2adab45b Pull complete
2025-11-17T17:14:41.702Z INFO  - b7f285bbb111 Extracting 3KB / 3KB
2025-11-17T17:14:41.751Z INFO  - b7f285bbb111 Extracting 3KB / 3KB
2025-11-17T17:14:41.794Z INFO  - b7f285bbb111 Pull complete
2025-11-17T17:14:42.415Z INFO  - fdaec5c523b8 Extracting 133B / 133B
2025-11-17T17:14:42.415Z INFO  - fdaec5c523b8 Extracting 133B / 133B
2025-11-17T17:14:42.415Z INFO  - fdaec5c523b8 Pull complete
2025-11-17T17:14:42.415Z INFO  - f5a6dabbd87f Extracting 270B / 270B
2025-11-17T17:14:42.415Z INFO  - f5a6dabbd87f Extracting 270B / 270B
2025-11-17T17:14:42.415Z INFO  - f5a6dabbd87f Pull complete
2025-11-17T17:14:42.415Z INFO  - 0440265059c0 Extracting 272B / 272B
2025-11-17T17:14:42.418Z INFO  - 0440265059c0 Extracting 272B / 272B
2025-11-17T17:14:42.669Z INFO  - 0440265059c0 Pull complete
2025-11-17T17:14:42.688Z INFO  - feb3396323fe Extracting 833B / 833B
2025-11-17T17:14:42.999Z INFO  - feb3396323fe Extracting 833B / 833B
2025-11-17T17:14:43.179Z INFO  - feb3396323fe Pull complete
2025-11-17T17:14:43.202Z INFO  - 5c4548330576 Extracting 124B / 124B
2025-11-17T17:14:43.441Z INFO  - 5c4548330576 Extracting 124B / 124B
2025-11-17T17:14:43.642Z INFO  - 5c4548330576 Pull complete
2025-11-17T17:14:43.662Z INFO  - a221ee0b6f49 Extracting 416B / 416B
2025-11-17T17:14:43.762Z INFO  - a221ee0b6f49 Extracting 416B / 416B
2025-11-17T17:14:43.883Z INFO  - a221ee0b6f49 Pull complete
2025-11-17T17:14:43.893Z INFO  - ac250ea855ab Extracting 1KB / 1KB
2025-11-17T17:14:43.943Z INFO  - ac250ea855ab Extracting 1KB / 1KB
2025-11-17T17:14:43.984Z INFO  - ac250ea855ab Pull complete
2025-11-17T17:14:43.993Z INFO  - 6de9a9da98da Extracting 1KB / 1KB
2025-11-17T17:14:44.245Z INFO  - 6de9a9da98da Extracting 1KB / 1KB
2025-11-17T17:14:44.556Z INFO  - 6de9a9da98da Pull complete
2025-11-17T17:14:44.569Z INFO  - d531dc368e36 Extracting 2KB / 2KB
2025-11-17T17:14:45.431Z INFO  - d531dc368e36 Extracting 2KB / 2KB
2025-11-17T17:14:45.431Z INFO  - d531dc368e36 Pull complete
2025-11-17T17:14:45.431Z INFO  - c0fc26e916f7 Extracting 121B / 121B
2025-11-17T17:14:45.431Z INFO  - c0fc26e916f7 Extracting 121B / 121B
2025-11-17T17:14:45.431Z INFO  - c0fc26e916f7 Pull complete
2025-11-17T17:14:45.431Z INFO  - 50a09b64903a Extracting 1KB / 1KB
2025-11-17T17:14:45.462Z INFO  - 50a09b64903a Extracting 1KB / 1KB
2025-11-17T17:14:45.533Z INFO  - 50a09b64903a Pull complete
2025-11-17T17:14:45.572Z INFO  - 7b94c70810bd Extracting 1KB / 1KB
2025-11-17T17:14:45.743Z INFO  - 7b94c70810bd Extracting 1KB / 1KB
2025-11-17T17:14:45.887Z INFO  - 7b94c70810bd Pull complete
2025-11-17T17:14:46.026Z INFO  - b8c2a35bf8cf Extracting 355B / 355B
2025-11-17T17:14:46.288Z INFO  - b8c2a35bf8cf Extracting 355B / 355B
2025-11-17T17:14:46.490Z INFO  - b8c2a35bf8cf Pull complete
2025-11-17T17:14:46.520Z INFO  - 0b9fc1ae6357 Extracting 842B / 842B
2025-11-17T17:14:46.660Z INFO  - 0b9fc1ae6357 Extracting 842B / 842B
2025-11-17T17:14:46.742Z INFO  - 0b9fc1ae6357 Pull complete
2025-11-17T17:14:46.760Z INFO  - 1be8b0b29112 Extracting 137B / 137B
2025-11-17T17:14:46.971Z INFO  - 1be8b0b29112 Extracting 137B / 137B
2025-11-17T17:14:47.044Z INFO  - 1be8b0b29112 Pull complete
2025-11-17T17:14:47.062Z INFO  - e4bfa5b09991 Extracting 2KB / 2KB
2025-11-17T17:14:47.434Z INFO  - e4bfa5b09991 Extracting 2KB / 2KB
2025-11-17T17:14:47.555Z INFO  - e4bfa5b09991 Pull complete
2025-11-17T17:14:47.576Z INFO  - 20256efc20c6 Extracting 143B / 143B
2025-11-17T17:14:47.918Z INFO  - 20256efc20c6 Extracting 143B / 143B
2025-11-17T17:14:47.967Z INFO  - 20256efc20c6 Pull complete
2025-11-17T17:14:47.987Z INFO  - 655ae1159747 Extracting 11KB / 11KB
2025-11-17T17:14:48.199Z INFO  - 655ae1159747 Extracting 11KB / 11KB
2025-11-17T17:14:48.291Z INFO  - 655ae1159747 Pull complete
2025-11-17T17:14:49.215Z INFO  - a9d311bf7864 Extracting 128KB / 5MB
2025-11-17T17:14:49.706Z INFO  - a9d311bf7864 Extracting 256KB / 5MB
2025-11-17T17:14:50.421Z INFO  - a9d311bf7864 Extracting 448KB / 5MB
2025-11-17T17:14:50.664Z INFO  - a9d311bf7864 Extracting 832KB / 5MB
2025-11-17T17:14:51.246Z INFO  - a9d311bf7864 Extracting 960KB / 5MB
2025-11-17T17:14:52.351Z INFO  - a9d311bf7864 Extracting 1MB / 5MB
2025-11-17T17:14:52.760Z INFO  - a9d311bf7864 Extracting 1MB / 5MB
2025-11-17T17:14:53.102Z INFO  - a9d311bf7864 Extracting 1MB / 5MB
2025-11-17T17:14:53.243Z INFO  - a9d311bf7864 Extracting 1MB / 5MB
2025-11-17T17:14:53.706Z INFO  - a9d311bf7864 Extracting 2MB / 5MB
2025-11-17T17:14:53.889Z INFO  - a9d311bf7864 Extracting 2MB / 5MB
2025-11-17T17:14:53.999Z INFO  - a9d311bf7864 Extracting 2MB / 5MB
2025-11-17T17:14:55.195Z INFO  - a9d311bf7864 Extracting 2MB / 5MB
2025-11-17T17:14:55.899Z INFO  - a9d311bf7864 Extracting 2MB / 5MB
2025-11-17T17:14:56.461Z INFO  - a9d311bf7864 Extracting 2MB / 5MB
2025-11-17T17:14:56.822Z INFO  - a9d311bf7864 Extracting 3MB / 5MB
2025-11-17T17:14:57.121Z INFO  - a9d311bf7864 Extracting 3MB / 5MB
2025-11-17T17:14:57.886Z INFO  - a9d311bf7864 Extracting 3MB / 5MB
2025-11-17T17:14:59.003Z INFO  - a9d311bf7864 Extracting 4MB / 5MB
2025-11-17T17:14:59.042Z INFO  - a9d311bf7864 Extracting 5MB / 5MB
2025-11-17T17:14:59.214Z INFO  - a9d311bf7864 Pull complete
2025-11-17T17:14:59.274Z INFO  - 52d8d446e592 Extracting 16KB / 16KB
2025-11-17T17:14:59.665Z INFO  - 52d8d446e592 Extracting 16KB / 16KB
2025-11-17T17:14:59.888Z INFO  - 52d8d446e592 Pull complete
2025-11-17T17:14:59.896Z INFO  - 2fd6879c6c9f Extracting 1KB / 1KB
2025-11-17T17:15:00.097Z INFO  - 2fd6879c6c9f Extracting 1KB / 1KB
2025-11-17T17:15:00.237Z INFO  - 2fd6879c6c9f Pull complete
2025-11-17T17:15:00.401Z INFO  -  Digest: sha256:92df52c98d35c066251e05baab9059c619b01135f04fc31ee577b55fefcb49ac
2025-11-17T17:15:00.419Z INFO  -  Status: Downloaded newer image for 10.1.0.4:13209/appsvc/python:3.11_20251017.5.tuxprod
2025-11-17T17:15:01.105Z INFO  - Pull Image successful, Time taken: 262 Seconds
2025-11-17T17:15:12.829Z INFO  - Starting container for site
2025-11-17T17:15:12.829Z INFO  - docker run -d --expose=8000 --name stockspace-api-01_0_865eca48 -e WEBSITE_USE_DIAGNOSTIC_SERVER=false -e WEBSITE_SITE_NAME=stockspace-api-01 -e WEBSITE_AUTH_ENABLED=False -e WEBSITE_ROLE_INSTANCE_ID=0 -e WEBSITE_HOSTNAME=stockspace-api-01-hgf2e5hxemcwckef.japaneast-01.azurewebsites.net -e WEBSITE_INSTANCE_ID=761a092c6cbeec305dbcc6c6e744b006c4d173d9d935c8e17cb6b4c751c4957e appsvc/python:3.11_20251017.5.tuxprod REDACTED
2025-11-17T17:15:12.829Z INFO  - Logging is not enabled for this container.
Please use https://aka.ms/linux-diagnostics to enable logging to see container logs here.
2025-11-17T17:15:20.535Z INFO  - Initiating warmup request to container stockspace-api-01_0_865eca48 for site stockspace-api-01
2025-11-17T17:15:41.439Z INFO  - Waiting for response to warmup request for container stockspace-api-01_0_865eca48. Elapsed time = 20.9240171 sec
2025-11-17T17:15:59.819Z INFO  - Waiting for response to warmup request for container stockspace-api-01_0_865eca48. Elapsed time = 39.3042238 sec
2025-11-17T17:16:06.615Z ERROR - Container stockspace-api-01_0_865eca48 for site stockspace-api-01 has exited, failing site start
2025-11-17T17:16:06.756Z ERROR - Container stockspace-api-01_0_865eca48 didn't respond to HTTP pings on port: 8000. Failing site start. See container logs for debugging.
2025-11-17T17:16:07.008Z INFO  - Stopping site stockspace-api-01 because it failed during startup.
2025-11-17T17:16:47.8741465Z Container start method called.
2025-11-17T17:16:47.9049547Z Establishing network.
2025-11-17T17:16:47.9141132Z Pulling image: appsvc/python:3.11_20251017.5.tuxprod.
2025-11-17T17:16:48.6190507Z Container is starting.
2025-11-17T17:16:48.6194611Z Establishing user namespace if not established already.
2025-11-17T17:16:48.6198700Z Establishing network if not established already.
2025-11-17T17:16:48.6200572Z Mounting volumes.
2025-11-17T17:16:48.6208455Z Nested mountpoint 
2025-11-17T17:16:48.6794054Z Nested mountpoint volatile/logs
2025-11-17T17:16:48.6992365Z Nested mountpoint 
2025-11-17T17:16:48.8420597Z Nested mountpoint 
2025-11-17T17:16:48.8932212Z Nested mountpoint 
2025-11-17T17:16:49.3155121Z Creating container.
2025-11-17T17:16:49.3229893Z Creating pipes for streaming container io.
2025-11-17T17:16:49.3232186Z Creating stdout named pipe at /podr/container/pipe/a77cc46a5672_stockspace-api-01/stdout_ef8b591e65f74b068ee5566c6f741f3b.
2025-11-17T17:16:49.3324445Z Successfully created stdout named pipe at: /podr/container/pipe/a77cc46a5672_stockspace-api-01/stdout_ef8b591e65f74b068ee5566c6f741f3b.
2025-11-17T17:16:49.3378887Z Opening named pipe /podr/container/pipe/a77cc46a5672_stockspace-api-01/stdout_ef8b591e65f74b068ee5566c6f741f3b for reading in non-blocking mode.
2025-11-17T17:16:49.3386149Z Successfully opened named pipe: /podr/container/pipe/a77cc46a5672_stockspace-api-01/stdout_ef8b591e65f74b068ee5566c6f741f3b.
2025-11-17T17:16:49.3390113Z Successfully removed non-blocking flag from /podr/container/pipe/a77cc46a5672_stockspace-api-01/stdout_ef8b591e65f74b068ee5566c6f741f3b.
2025-11-17T17:16:49.3394232Z Creating stderr named pipe at /podr/container/pipe/a77cc46a5672_stockspace-api-01/stderr_d6d80d34ae8c494397364269142cd0b0.
2025-11-17T17:16:49.3397407Z Successfully created stderr named pipe at: /podr/container/pipe/a77cc46a5672_stockspace-api-01/stderr_d6d80d34ae8c494397364269142cd0b0.
2025-11-17T17:16:49.3430187Z Opening named pipe /podr/container/pipe/a77cc46a5672_stockspace-api-01/stderr_d6d80d34ae8c494397364269142cd0b0 for reading in non-blocking mode.
2025-11-17T17:16:49.3433129Z Successfully opened named pipe: /podr/container/pipe/a77cc46a5672_stockspace-api-01/stderr_d6d80d34ae8c494397364269142cd0b0.
2025-11-17T17:16:49.3434540Z Successfully removed non-blocking flag from /podr/container/pipe/a77cc46a5672_stockspace-api-01/stderr_d6d80d34ae8c494397364269142cd0b0.
2025-11-17T17:16:49.3449552Z Creating container with image: appsvc/python:3.11_20251017.5.tuxprod from registry: 10.1.0.5:13209 and fully qualified image name: 10.1.0.5:13209/appsvc/python:3.11_20251017.5.tuxprod
2025-11-17T17:16:50.1835638Z Starting container: a77cc46a5672_stockspace-api-01.
2025-11-17T17:16:50.2712430Z Starting watchers and probes.
2025-11-17T17:16:50.2820143Z Starting metrics collection.
2025-11-17T17:16:50.3108651Z Container is running.
2025-11-17T17:16:50.6132750Z Container start method finished after 2730 ms.
2025-11-17T17:17:25.0604286Z Container has finished running with exit code: 1.
2025-11-17T17:17:25.0617326Z Container is terminating. Grace period: 5 seconds.
2025-11-17T17:17:25.1197645Z Stop and delete container. Retry count = 0
2025-11-17T17:17:25.1199405Z Stopping container: a77cc46a5672_stockspace-api-01.
2025-11-17T17:17:25.2901087Z Deleting container: a77cc46a5672_stockspace-api-01. Retry count = 0
2025-11-17T17:17:26.1825033Z Container spec TerminationMessagePolicy  path 
2025-11-17T17:17:26.1931422Z Container is terminated. Total time elapsed: 1063 ms.
2025-11-17T17:17:26.2325870Z Site container: stockspace-api-01 terminated during site startup.
2025-11-17T17:17:26.4651043Z Site startup probe failed after 35.8187228 seconds.
2025-11-17T17:17:27.0068755Z Failed to start site. Revert by stopping site.
2025-11-17T17:17:27.0091536Z Site: stockspace-api-01 stopped.
2025-11-17T17:17:36.175Z INFO  - 3.11_20251017.5.tuxprod Pulling from appsvc/python
2025-11-17T17:17:36.254Z INFO  -  Digest: sha256:92df52c98d35c066251e05baab9059c619b01135f04fc31ee577b55fefcb49ac
2025-11-17T17:17:36.255Z INFO  -  Status: Image is up to date for 10.1.0.4:13209/appsvc/python:3.11_20251017.5.tuxprod
2025-11-17T17:17:36.275Z INFO  - Pull Image successful, Time taken: 1 Seconds
2025-11-17T17:17:37.497Z INFO  - Starting container for site
2025-11-17T17:17:37.497Z INFO  - docker run -d --expose=8000 --name stockspace-api-01_0_35ff3a42 -e WEBSITE_USE_DIAGNOSTIC_SERVER=false -e WEBSITE_SITE_NAME=stockspace-api-01 -e WEBSITE_AUTH_ENABLED=False -e WEBSITE_ROLE_INSTANCE_ID=0 -e WEBSITE_HOSTNAME=stockspace-api-01-hgf2e5hxemcwckef.japaneast-01.azurewebsites.net -e WEBSITE_INSTANCE_ID=761a092c6cbeec305dbcc6c6e744b006c4d173d9d935c8e17cb6b4c751c4957e appsvc/python:3.11_20251017.5.tuxprod REDACTED
2025-11-17T17:17:37.498Z INFO  - Logging is not enabled for this container.
Please use https://aka.ms/linux-diagnostics to enable logging to see container logs here.
2025-11-17T17:17:45.545Z INFO  - Initiating warmup request to container stockspace-api-01_0_35ff3a42 for site stockspace-api-01
2025-11-17T17:18:04.154Z INFO  - Waiting for response to warmup request for container stockspace-api-01_0_35ff3a42. Elapsed time = 18.6162182 sec
2025-11-17T17:18:14.478Z ERROR - Container stockspace-api-01_0_35ff3a42 for site stockspace-api-01 has exited, failing site start
2025-11-17T17:18:14.596Z ERROR - Container stockspace-api-01_0_35ff3a42 didn't respond to HTTP pings on port: 8000. Failing site start. See container logs for debugging.
2025-11-17T17:18:14.717Z INFO  - Stopping site stockspace-api-01 because it failed during startup.
2025-11-17T17:18:25.241Z INFO  - 3.11_20251017.5.tuxprod Pulling from appsvc/python
2025-11-17T17:18:25.261Z INFO  -  Digest: sha256:92df52c98d35c066251e05baab9059c619b01135f04fc31ee577b55fefcb49ac
2025-11-17T17:18:25.273Z INFO  -  Status: Downloaded newer image for 10.1.0.5:13209/appsvc/python:3.11_20251017.5.tuxprod
2025-11-17T17:18:25.312Z INFO  - Pull Image successful, Time taken: 0 Seconds
2025-11-17T17:18:25.604Z INFO  - Starting container for site
2025-11-17T17:18:25.604Z INFO  - docker run -d --expose=8000 --name stockspace-api-01_0_155301c7 -e WEBSITE_USE_DIAGNOSTIC_SERVER=false -e WEBSITE_SITE_NAME=stockspace-api-01 -e WEBSITE_AUTH_ENABLED=False -e WEBSITE_ROLE_INSTANCE_ID=0 -e WEBSITE_HOSTNAME=stockspace-api-01-hgf2e5hxemcwckef.japaneast-01.azurewebsites.net -e WEBSITE_INSTANCE_ID=761a092c6cbeec305dbcc6c6e744b006c4d173d9d935c8e17cb6b4c751c4957e appsvc/python:3.11_20251017.5.tuxprod REDACTED
2025-11-17T17:18:25.604Z INFO  - Logging is not enabled for this container.
Please use https://aka.ms/linux-diagnostics to enable logging to see container logs here.
2025-11-17T17:18:30.834Z INFO  - Initiating warmup request to container stockspace-api-01_0_155301c7 for site stockspace-api-01
2025-11-17T17:18:48.514Z INFO  - Waiting for response to warmup request for container stockspace-api-01_0_155301c7. Elapsed time = 17.6800447 sec
2025-11-17T17:19:05.832Z ERROR - Container stockspace-api-01_0_155301c7 for site stockspace-api-01 has exited, failing site start
2025-11-17T17:19:05.882Z ERROR - Container stockspace-api-01_0_155301c7 didn't respond to HTTP pings on port: 8000. Failing site start. See container logs for debugging.
2025-11-17T17:19:05.912Z INFO  - Stopping site stockspace-api-01 because it failed during startup.
2025-11-17T17:19:17.017Z INFO  - 3.11_20251017.5.tuxprod Pulling from appsvc/python
2025-11-17T17:19:17.046Z INFO  -  Digest: sha256:92df52c98d35c066251e05baab9059c619b01135f04fc31ee577b55fefcb49ac
2025-11-17T17:19:17.047Z INFO  -  Status: Image is up to date for 10.1.0.5:13209/appsvc/python:3.11_20251017.5.tuxprod
2025-11-17T17:19:17.097Z INFO  - Pull Image successful, Time taken: 0 Seconds
2025-11-17T17:19:17.418Z INFO  - Starting container for site
2025-11-17T17:19:17.419Z INFO  - docker run -d --expose=8000 --name stockspace-api-01_0_973cb74c -e WEBSITE_USE_DIAGNOSTIC_SERVER=false -e WEBSITE_SITE_NAME=stockspace-api-01 -e WEBSITE_AUTH_ENABLED=False -e WEBSITE_ROLE_INSTANCE_ID=0 -e WEBSITE_HOSTNAME=stockspace-api-01-hgf2e5hxemcwckef.japaneast-01.azurewebsites.net -e WEBSITE_INSTANCE_ID=761a092c6cbeec305dbcc6c6e744b006c4d173d9d935c8e17cb6b4c751c4957e appsvc/python:3.11_20251017.5.tuxprod REDACTED
2025-11-17T17:19:17.420Z INFO  - Logging is not enabled for this container.
Please use https://aka.ms/linux-diagnostics to enable logging to see container logs here.
2025-11-17T17:19:21.543Z INFO  - Initiating warmup request to container stockspace-api-01_0_973cb74c for site stockspace-api-01
2025-11-17T17:19:41.212Z INFO  - Waiting for response to warmup request for container stockspace-api-01_0_973cb74c. Elapsed time = 19.6693561 sec
2025-11-17T17:19:51.698Z ERROR - Container stockspace-api-01_0_973cb74c for site stockspace-api-01 has exited, failing site start
2025-11-17T17:19:51.750Z ERROR - Container stockspace-api-01_0_973cb74c didn't respond to HTTP pings on port: 8000. Failing site start. See container logs for debugging.
2025-11-17T17:19:51.799Z INFO  - Stopping site stockspace-api-01 because it failed during startup.
2025-11-17T17:49:01.653Z INFO  - 3.11_20251017.5.tuxprod Pulling from appsvc/python
2025-11-17T17:49:01.715Z INFO  -  Digest: sha256:92df52c98d35c066251e05baab9059c619b01135f04fc31ee577b55fefcb49ac
2025-11-17T17:49:01.715Z INFO  -  Status: Image is up to date for 10.1.0.4:13209/appsvc/python:3.11_20251017.5.tuxprod
2025-11-17T17:49:01.785Z INFO  - Pull Image successful, Time taken: 0 Seconds
2025-11-17T17:49:02.117Z INFO  - Starting container for site
2025-11-17T17:49:02.118Z INFO  - docker run -d --expose=8000 --name stockspace-api-01_0_eda708ad -e WEBSITE_USE_DIAGNOSTIC_SERVER=false -e WEBSITE_SITE_NAME=stockspace-api-01 -e WEBSITE_AUTH_ENABLED=False -e WEBSITE_ROLE_INSTANCE_ID=0 -e WEBSITE_HOSTNAME=stockspace-api-01-hgf2e5hxemcwckef.japaneast-01.azurewebsites.net -e WEBSITE_INSTANCE_ID=761a092c6cbeec305dbcc6c6e744b006c4d173d9d935c8e17cb6b4c751c4957e appsvc/python:3.11_20251017.5.tuxprod REDACTED
2025-11-17T17:49:02.123Z INFO  - Logging is not enabled for this container.
Please use https://aka.ms/linux-diagnostics to enable logging to see container logs here.
2025-11-17T17:49:06.155Z INFO  - Initiating warmup request to container stockspace-api-01_0_eda708ad for site stockspace-api-01
2025-11-17T17:49:23.524Z INFO  - Waiting for response to warmup request for container stockspace-api-01_0_eda708ad. Elapsed time = 17.3701299 sec
2025-11-17T17:49:31.258Z ERROR - Container stockspace-api-01_0_eda708ad for site stockspace-api-01 has exited, failing site start
2025-11-17T17:49:31.313Z ERROR - Container stockspace-api-01_0_eda708ad didn't respond to HTTP pings on port: 8000. Failing site start. See container logs for debugging.
2025-11-17T17:49:31.371Z INFO  - Stopping site stockspace-api-01 because it failed during startup.
